<?xml version="1.0" encoding="UTF-8"?>

<!-- VersionTag: 2605.B2.V31.7 -->
<testsuites name="SinScanner" time="86.157" tests="855" failures="0" timestamp="05/04/2026 02:16:50">
  <testsuite name="SIN-PATTERN-002-EMPTYCATCH-SWALLOW_202604042257" tests="1" failures="0">
    <testcase classname="SIN-PATTERN-002-EMPTYCATCH-SWALLOW_202604042257" name="scripts\R3-StressTest.ps1:28">
      <system-out><![CDATA[Within baseline tolerance (count=1 &lt;= baseline=1) [HIGH]]]></system-out>
    </testcase>
  </testsuite>
  <testsuite name="SIN-PATTERN-003-SILENTCONTINUE-IMPORT_202604042257" tests="3" failures="0">
    <testcase classname="SIN-PATTERN-003-SILENTCONTINUE-IMPORT_202604042257" name="scripts\Invoke-ModuleManagement.ps1:128">
      <system-out><![CDATA[Within baseline tolerance (count=3 &lt;= baseline=3) [HIGH]]]></system-out>
    </testcase>
    <testcase classname="SIN-PATTERN-003-SILENTCONTINUE-IMPORT_202604042257" name="tests\iter18-surface-diff.ps1:5">
      <system-out><![CDATA[Within baseline tolerance (count=3 &lt;= baseline=3) [HIGH]]]></system-out>
    </testcase>
    <testcase classname="SIN-PATTERN-003-SILENTCONTINUE-IMPORT_202604042257" name="tests\iter19-20-inventory.ps1:2">
      <system-out><![CDATA[Within baseline tolerance (count=3 &lt;= baseline=3) [HIGH]]]></system-out>
    </testcase>
  </testsuite>
  <testsuite name="SIN-PATTERN-009-UNVALIDATED-PATH-JOIN_202604042257" tests="1" failures="0">
    <testcase classname="SIN-PATTERN-009-UNVALIDATED-PATH-JOIN_202604042257" name="scripts\Start-Engines.ps1:55">
      <system-out><![CDATA[Within baseline tolerance (count=1 &lt;= baseline=1) [CRITICAL]]]></system-out>
    </testcase>
  </testsuite>
  <testsuite name="SIN-PATTERN-011-DUPLICATE-FUNCTION-DEF_202604042257" tests="25" failures="0">
    <testcase classname="SIN-PATTERN-011-DUPLICATE-FUNCTION-DEF_202604042257" name="scripts\Invoke-AutoApprovalWriter.ps1:62">
      <system-out><![CDATA[Within baseline tolerance (count=25 &lt;= baseline=25) [MEDIUM]]]></system-out>
    </testcase>
    <testcase classname="SIN-PATTERN-011-DUPLICATE-FUNCTION-DEF_202604042257" name="scripts\Invoke-ChangelogDiff.ps1:74">
      <system-out><![CDATA[Within baseline tolerance (count=25 &lt;= baseline=25) [MEDIUM]]]></system-out>
    </testcase>
    <testcase classname="SIN-PATTERN-011-DUPLICATE-FUNCTION-DEF_202604042257" name="scripts\Invoke-DiffScheduler.ps1:66">
      <system-out><![CDATA[Within baseline tolerance (count=25 &lt;= baseline=25) [MEDIUM]]]></system-out>
    </testcase>
    <testcase classname="SIN-PATTERN-011-DUPLICATE-FUNCTION-DEF_202604042257" name="scripts\Invoke-EventLogStandardSweep.ps1:39">
      <system-out><![CDATA[Within baseline tolerance (count=25 &lt;= baseline=25) [MEDIUM]]]></system-out>
    </testcase>
    <testcase classname="SIN-PATTERN-011-DUPLICATE-FUNCTION-DEF_202604042257" name="scripts\Invoke-PipeGAP.ps1:79">
      <system-out><![CDATA[Within baseline tolerance (count=25 &lt;= baseline=25) [MEDIUM]]]></system-out>
    </testcase>
    <testcase classname="SIN-PATTERN-011-DUPLICATE-FUNCTION-DEF_202604042257" name="scripts\Invoke-PipelineProcess20.ps1:35">
      <system-out><![CDATA[Within baseline tolerance (count=25 &lt;= baseline=25) [MEDIUM]]]></system-out>
    </testcase>
    <testcase classname="SIN-PATTERN-011-DUPLICATE-FUNCTION-DEF_202604042257" name="scripts\Run-FullPipeline.ps1:26">
      <system-out><![CDATA[Within baseline tolerance (count=25 &lt;= baseline=25) [MEDIUM]]]></system-out>
    </testcase>
    <testcase classname="SIN-PATTERN-011-DUPLICATE-FUNCTION-DEF_202604042257" name="scripts\Start-LocalWebEngine.ps1:780">
      <system-out><![CDATA[Within baseline tolerance (count=25 &lt;= baseline=25) [MEDIUM]]]></system-out>
    </testcase>
    <testcase classname="SIN-PATTERN-011-DUPLICATE-FUNCTION-DEF_202604042257" name="tests\Invoke-SemiSinPenanceScanner.ps1:77">
      <system-out><![CDATA[Within baseline tolerance (count=25 &lt;= baseline=25) [MEDIUM]]]></system-out>
    </testcase>
    <testcase classname="SIN-PATTERN-011-DUPLICATE-FUNCTION-DEF_202604042257" name="tests\iter39-add-commenthelp.ps1:8">
      <system-out><![CDATA[Within baseline tolerance (count=25 &lt;= baseline=25) [MEDIUM]]]></system-out>
    </testcase>
    <testcase classname="SIN-PATTERN-011-DUPLICATE-FUNCTION-DEF_202604042257" name="tests\iter40-add-description.ps1:8">
      <system-out><![CDATA[Within baseline tolerance (count=25 &lt;= baseline=25) [MEDIUM]]]></system-out>
    </testcase>
    <testcase classname="SIN-PATTERN-011-DUPLICATE-FUNCTION-DEF_202604042257" name="tests\Test-EncodingCompliance.ps1:40">
      <system-out><![CDATA[Within baseline tolerance (count=25 &lt;= baseline=25) [MEDIUM]]]></system-out>
    </testcase>
    <testcase classname="SIN-PATTERN-011-DUPLICATE-FUNCTION-DEF_202604042257" name="modules\PwSh-HelpFilesUpdateSource-ReR.psm1:93">
      <system-out><![CDATA[Within baseline tolerance (count=25 &lt;= baseline=25) [MEDIUM]]]></system-out>
    </testcase>
    <testcase classname="SIN-PATTERN-011-DUPLICATE-FUNCTION-DEF_202604042257" name="modules\PwSh-HelpFilesUpdateSource-ReR.psm1:111">
      <system-out><![CDATA[Within baseline tolerance (count=25 &lt;= baseline=25) [MEDIUM]]]></system-out>
    </testcase>
    <testcase classname="SIN-PATTERN-011-DUPLICATE-FUNCTION-DEF_202604042257" name="modules\PwSh-HelpFilesUpdateSource-ReR.psm1:148">
      <system-out><![CDATA[Within baseline tolerance (count=25 &lt;= baseline=25) [MEDIUM]]]></system-out>
    </testcase>
    <testcase classname="SIN-PATTERN-011-DUPLICATE-FUNCTION-DEF_202604042257" name="modules\PwSh-HelpFilesUpdateSource-ReR.psm1:187">
      <system-out><![CDATA[Within baseline tolerance (count=25 &lt;= baseline=25) [MEDIUM]]]></system-out>
    </testcase>
    <testcase classname="SIN-PATTERN-011-DUPLICATE-FUNCTION-DEF_202604042257" name="modules\PwSh-HelpFilesUpdateSource-ReR.psm1:219">
      <system-out><![CDATA[Within baseline tolerance (count=25 &lt;= baseline=25) [MEDIUM]]]></system-out>
    </testcase>
    <testcase classname="SIN-PATTERN-011-DUPLICATE-FUNCTION-DEF_202604042257" name="modules\PwSh-HelpFilesUpdateSource-ReR.psm1:416">
      <system-out><![CDATA[Within baseline tolerance (count=25 &lt;= baseline=25) [MEDIUM]]]></system-out>
    </testcase>
    <testcase classname="SIN-PATTERN-011-DUPLICATE-FUNCTION-DEF_202604042257" name="modules\PwShGUI-LegacyEncoding.psm1:6">
      <system-out><![CDATA[Within baseline tolerance (count=25 &lt;= baseline=25) [MEDIUM]]]></system-out>
    </testcase>
    <testcase classname="SIN-PATTERN-011-DUPLICATE-FUNCTION-DEF_202604042257" name="reports\iter17\HEAD-helpfiles.psm1:93">
      <system-out><![CDATA[Within baseline tolerance (count=25 &lt;= baseline=25) [MEDIUM]]]></system-out>
    </testcase>
    <testcase classname="SIN-PATTERN-011-DUPLICATE-FUNCTION-DEF_202604042257" name="reports\iter17\HEAD-helpfiles.psm1:111">
      <system-out><![CDATA[Within baseline tolerance (count=25 &lt;= baseline=25) [MEDIUM]]]></system-out>
    </testcase>
    <testcase classname="SIN-PATTERN-011-DUPLICATE-FUNCTION-DEF_202604042257" name="reports\iter17\HEAD-helpfiles.psm1:148">
      <system-out><![CDATA[Within baseline tolerance (count=25 &lt;= baseline=25) [MEDIUM]]]></system-out>
    </testcase>
    <testcase classname="SIN-PATTERN-011-DUPLICATE-FUNCTION-DEF_202604042257" name="reports\iter17\HEAD-helpfiles.psm1:187">
      <system-out><![CDATA[Within baseline tolerance (count=25 &lt;= baseline=25) [MEDIUM]]]></system-out>
    </testcase>
    <testcase classname="SIN-PATTERN-011-DUPLICATE-FUNCTION-DEF_202604042257" name="reports\iter17\HEAD-helpfiles.psm1:219">
      <system-out><![CDATA[Within baseline tolerance (count=25 &lt;= baseline=25) [MEDIUM]]]></system-out>
    </testcase>
    <testcase classname="SIN-PATTERN-011-DUPLICATE-FUNCTION-DEF_202604042257" name="reports\iter17\HEAD-helpfiles.psm1:416">
      <system-out><![CDATA[Within baseline tolerance (count=25 &lt;= baseline=25) [MEDIUM]]]></system-out>
    </testcase>
  </testsuite>
  <testsuite name="SIN-PATTERN-015-HARDCODED-ABSOLUTE-PATH_202604042257" tests="88" failures="0">
    <testcase classname="SIN-PATTERN-015-HARDCODED-ABSOLUTE-PATH_202604042257" name="tests\check-autoremediate.ps1:2">
      <system-out><![CDATA[Within baseline tolerance (count=88 &lt;= baseline=88) [MEDIUM]]]></system-out>
    </testcase>
    <testcase classname="SIN-PATTERN-015-HARDCODED-ABSOLUTE-PATH_202604042257" name="tests\classify-encoding.ps1:2">
      <system-out><![CDATA[Within baseline tolerance (count=88 &lt;= baseline=88) [MEDIUM]]]></system-out>
    </testcase>
    <testcase classname="SIN-PATTERN-015-HARDCODED-ABSOLUTE-PATH_202604042257" name="tests\final-smoke-iter7.ps1:6">
      <system-out><![CDATA[Within baseline tolerance (count=88 &lt;= baseline=88) [MEDIUM]]]></system-out>
    </testcase>
    <testcase classname="SIN-PATTERN-015-HARDCODED-ABSOLUTE-PATH_202604042257" name="tests\fix-build-agentic.ps1:1">
      <system-out><![CDATA[Within baseline tolerance (count=88 &lt;= baseline=88) [MEDIUM]]]></system-out>
    </testcase>
    <testcase classname="SIN-PATTERN-015-HARDCODED-ABSOLUTE-PATH_202604042257" name="tests\fix-encoding.ps1:4">
      <system-out><![CDATA[Within baseline tolerance (count=88 &lt;= baseline=88) [MEDIUM]]]></system-out>
    </testcase>
    <testcase classname="SIN-PATTERN-015-HARDCODED-ABSOLUTE-PATH_202604042257" name="tests\functional-iter2-narrow.ps1:2">
      <system-out><![CDATA[Within baseline tolerance (count=88 &lt;= baseline=88) [MEDIUM]]]></system-out>
    </testcase>
    <testcase classname="SIN-PATTERN-015-HARDCODED-ABSOLUTE-PATH_202604042257" name="tests\functional-iter2.ps1:2">
      <system-out><![CDATA[Within baseline tolerance (count=88 &lt;= baseline=88) [MEDIUM]]]></system-out>
    </testcase>
    <testcase classname="SIN-PATTERN-015-HARDCODED-ABSOLUTE-PATH_202604042257" name="tests\inspect-broken.ps1:1">
      <system-out><![CDATA[Within baseline tolerance (count=88 &lt;= baseline=88) [MEDIUM]]]></system-out>
    </testcase>
    <testcase classname="SIN-PATTERN-015-HARDCODED-ABSOLUTE-PATH_202604042257" name="tests\inspect-broken2.ps1:1">
      <system-out><![CDATA[Within baseline tolerance (count=88 &lt;= baseline=88) [MEDIUM]]]></system-out>
    </testcase>
    <testcase classname="SIN-PATTERN-015-HARDCODED-ABSOLUTE-PATH_202604042257" name="tests\inspect-pssa.ps1:1">
      <system-out><![CDATA[Within baseline tolerance (count=88 &lt;= baseline=88) [MEDIUM]]]></system-out>
    </testcase>
    <testcase classname="SIN-PATTERN-015-HARDCODED-ABSOLUTE-PATH_202604042257" name="tests\iter11-12-driver.ps1:4">
      <system-out><![CDATA[Within baseline tolerance (count=88 &lt;= baseline=88) [MEDIUM]]]></system-out>
    </testcase>
    <testcase classname="SIN-PATTERN-015-HARDCODED-ABSOLUTE-PATH_202604042257" name="tests\iter13-find-empty-catch.ps1:3">
      <system-out><![CDATA[Within baseline tolerance (count=88 &lt;= baseline=88) [MEDIUM]]]></system-out>
    </testcase>
    <testcase classname="SIN-PATTERN-015-HARDCODED-ABSOLUTE-PATH_202604042257" name="tests\iter15-fix-trailing-ws.ps1:3">
      <system-out><![CDATA[Within baseline tolerance (count=88 &lt;= baseline=88) [MEDIUM]]]></system-out>
    </testcase>
    <testcase classname="SIN-PATTERN-015-HARDCODED-ABSOLUTE-PATH_202604042257" name="tests\iter16-add-bom.ps1:2">
      <system-out><![CDATA[Within baseline tolerance (count=88 &lt;= baseline=88) [MEDIUM]]]></system-out>
    </testcase>
    <testcase classname="SIN-PATTERN-015-HARDCODED-ABSOLUTE-PATH_202604042257" name="tests\iter16-add-bom.ps1:3">
      <system-out><![CDATA[Within baseline tolerance (count=88 &lt;= baseline=88) [MEDIUM]]]></system-out>
    </testcase>
    <testcase classname="SIN-PATTERN-015-HARDCODED-ABSOLUTE-PATH_202604042257" name="tests\iter16-verify.ps1:15">
      <system-out><![CDATA[Within baseline tolerance (count=88 &lt;= baseline=88) [MEDIUM]]]></system-out>
    </testcase>
    <testcase classname="SIN-PATTERN-015-HARDCODED-ABSOLUTE-PATH_202604042257" name="tests\iter17-smoke.ps1:2">
      <system-out><![CDATA[Within baseline tolerance (count=88 &lt;= baseline=88) [MEDIUM]]]></system-out>
    </testcase>
    <testcase classname="SIN-PATTERN-015-HARDCODED-ABSOLUTE-PATH_202604042257" name="tests\iter17-validate-scoreboard.ps1:1">
      <system-out><![CDATA[Within baseline tolerance (count=88 &lt;= baseline=88) [MEDIUM]]]></system-out>
    </testcase>
    <testcase classname="SIN-PATTERN-015-HARDCODED-ABSOLUTE-PATH_202604042257" name="tests\iter18-inspect-baseline.ps1:1">
      <system-out><![CDATA[Within baseline tolerance (count=88 &lt;= baseline=88) [MEDIUM]]]></system-out>
    </testcase>
    <testcase classname="SIN-PATTERN-015-HARDCODED-ABSOLUTE-PATH_202604042257" name="tests\iter18-surface-diff.ps1:2">
      <system-out><![CDATA[Within baseline tolerance (count=88 &lt;= baseline=88) [MEDIUM]]]></system-out>
    </testcase>
    <testcase classname="SIN-PATTERN-015-HARDCODED-ABSOLUTE-PATH_202604042257" name="tests\iter18-surface-diff.ps1:4">
      <system-out><![CDATA[Within baseline tolerance (count=88 &lt;= baseline=88) [MEDIUM]]]></system-out>
    </testcase>
    <testcase classname="SIN-PATTERN-015-HARDCODED-ABSOLUTE-PATH_202604042257" name="tests\iter18b-surface-diff.ps1:2">
      <system-out><![CDATA[Within baseline tolerance (count=88 &lt;= baseline=88) [MEDIUM]]]></system-out>
    </testcase>
    <testcase classname="SIN-PATTERN-015-HARDCODED-ABSOLUTE-PATH_202604042257" name="tests\iter18b-surface-diff.ps1:6">
      <system-out><![CDATA[Within baseline tolerance (count=88 &lt;= baseline=88) [MEDIUM]]]></system-out>
    </testcase>
    <testcase classname="SIN-PATTERN-015-HARDCODED-ABSOLUTE-PATH_202604042257" name="tests\iter19-20-inventory.ps1:2">
      <system-out><![CDATA[Within baseline tolerance (count=88 &lt;= baseline=88) [MEDIUM]]]></system-out>
    </testcase>
    <testcase classname="SIN-PATTERN-015-HARDCODED-ABSOLUTE-PATH_202604042257" name="tests\iter19-20-inventory.ps1:3">
      <system-out><![CDATA[Within baseline tolerance (count=88 &lt;= baseline=88) [MEDIUM]]]></system-out>
    </testcase>
    <testcase classname="SIN-PATTERN-015-HARDCODED-ABSOLUTE-PATH_202604042257" name="tests\iter19-20-inventory.ps1:11">
      <system-out><![CDATA[Within baseline tolerance (count=88 &lt;= baseline=88) [MEDIUM]]]></system-out>
    </testcase>
    <testcase classname="SIN-PATTERN-015-HARDCODED-ABSOLUTE-PATH_202604042257" name="tests\iter22-verify.ps1:5">
      <system-out><![CDATA[Within baseline tolerance (count=88 &lt;= baseline=88) [MEDIUM]]]></system-out>
    </testcase>
    <testcase classname="SIN-PATTERN-015-HARDCODED-ABSOLUTE-PATH_202604042257" name="tests\iter23-bytedump.ps1:1">
      <system-out><![CDATA[Within baseline tolerance (count=88 &lt;= baseline=88) [MEDIUM]]]></system-out>
    </testcase>
    <testcase classname="SIN-PATTERN-015-HARDCODED-ABSOLUTE-PATH_202604042257" name="tests\iter23-debug.ps1:1">
      <system-out><![CDATA[Within baseline tolerance (count=88 &lt;= baseline=88) [MEDIUM]]]></system-out>
    </testcase>
    <testcase classname="SIN-PATTERN-015-HARDCODED-ABSOLUTE-PATH_202604042257" name="tests\iter23-headparse.ps1:1">
      <system-out><![CDATA[Within baseline tolerance (count=88 &lt;= baseline=88) [MEDIUM]]]></system-out>
    </testcase>
    <testcase classname="SIN-PATTERN-015-HARDCODED-ABSOLUTE-PATH_202604042257" name="tests\iter23-l132.ps1:1">
      <system-out><![CDATA[Within baseline tolerance (count=88 &lt;= baseline=88) [MEDIUM]]]></system-out>
    </testcase>
    <testcase classname="SIN-PATTERN-015-HARDCODED-ABSOLUTE-PATH_202604042257" name="tests\iter23-l171.ps1:1">
      <system-out><![CDATA[Within baseline tolerance (count=88 &lt;= baseline=88) [MEDIUM]]]></system-out>
    </testcase>
    <testcase classname="SIN-PATTERN-015-HARDCODED-ABSOLUTE-PATH_202604042257" name="tests\iter23-le.ps1:1">
      <system-out><![CDATA[Within baseline tolerance (count=88 &lt;= baseline=88) [MEDIUM]]]></system-out>
    </testcase>
    <testcase classname="SIN-PATTERN-015-HARDCODED-ABSOLUTE-PATH_202604042257" name="tests\iter23-line446.ps1:1">
      <system-out><![CDATA[Within baseline tolerance (count=88 &lt;= baseline=88) [MEDIUM]]]></system-out>
    </testcase>
    <testcase classname="SIN-PATTERN-015-HARDCODED-ABSOLUTE-PATH_202604042257" name="tests\iter23-parseerr.ps1:1">
      <system-out><![CDATA[Within baseline tolerance (count=88 &lt;= baseline=88) [MEDIUM]]]></system-out>
    </testcase>
    <testcase classname="SIN-PATTERN-015-HARDCODED-ABSOLUTE-PATH_202604042257" name="tests\iter23-quotes.ps1:1">
      <system-out><![CDATA[Within baseline tolerance (count=88 &lt;= baseline=88) [MEDIUM]]]></system-out>
    </testcase>
    <testcase classname="SIN-PATTERN-015-HARDCODED-ABSOLUTE-PATH_202604042257" name="tests\iter23-verify.ps1:4">
      <system-out><![CDATA[Within baseline tolerance (count=88 &lt;= baseline=88) [MEDIUM]]]></system-out>
    </testcase>
    <testcase classname="SIN-PATTERN-015-HARDCODED-ABSOLUTE-PATH_202604042257" name="tests\iter24-patch-manifests.ps1:3">
      <system-out><![CDATA[Within baseline tolerance (count=88 &lt;= baseline=88) [MEDIUM]]]></system-out>
    </testcase>
    <testcase classname="SIN-PATTERN-015-HARDCODED-ABSOLUTE-PATH_202604042257" name="tests\iter24-patch-manifests.ps1:4">
      <system-out><![CDATA[Within baseline tolerance (count=88 &lt;= baseline=88) [MEDIUM]]]></system-out>
    </testcase>
    <testcase classname="SIN-PATTERN-015-HARDCODED-ABSOLUTE-PATH_202604042257" name="tests\iter24-patch-manifests.ps1:5">
      <system-out><![CDATA[Within baseline tolerance (count=88 &lt;= baseline=88) [MEDIUM]]]></system-out>
    </testcase>
    <testcase classname="SIN-PATTERN-015-HARDCODED-ABSOLUTE-PATH_202604042257" name="tests\iter24-patch-manifests.ps1:6">
      <system-out><![CDATA[Within baseline tolerance (count=88 &lt;= baseline=88) [MEDIUM]]]></system-out>
    </testcase>
    <testcase classname="SIN-PATTERN-015-HARDCODED-ABSOLUTE-PATH_202604042257" name="tests\iter24-verify.ps1:5">
      <system-out><![CDATA[Within baseline tolerance (count=88 &lt;= baseline=88) [MEDIUM]]]></system-out>
    </testcase>
    <testcase classname="SIN-PATTERN-015-HARDCODED-ABSOLUTE-PATH_202604042257" name="tests\iter26b-byte-strip.ps1:2">
      <system-out><![CDATA[Within baseline tolerance (count=88 &lt;= baseline=88) [MEDIUM]]]></system-out>
    </testcase>
    <testcase classname="SIN-PATTERN-015-HARDCODED-ABSOLUTE-PATH_202604042257" name="tests\iter3-scan-repo.ps1:2">
      <system-out><![CDATA[Within baseline tolerance (count=88 &lt;= baseline=88) [MEDIUM]]]></system-out>
    </testcase>
    <testcase classname="SIN-PATTERN-015-HARDCODED-ABSOLUTE-PATH_202604042257" name="tests\iter32-cycle3-close.ps1:2">
      <system-out><![CDATA[Within baseline tolerance (count=88 &lt;= baseline=88) [MEDIUM]]]></system-out>
    </testcase>
    <testcase classname="SIN-PATTERN-015-HARDCODED-ABSOLUTE-PATH_202604042257" name="tests\iter40-pssa-with-settings.ps1:1">
      <system-out><![CDATA[Within baseline tolerance (count=88 &lt;= baseline=88) [MEDIUM]]]></system-out>
    </testcase>
    <testcase classname="SIN-PATTERN-015-HARDCODED-ABSOLUTE-PATH_202604042257" name="tests\iter41-debug.ps1:2">
      <system-out><![CDATA[Within baseline tolerance (count=88 &lt;= baseline=88) [MEDIUM]]]></system-out>
    </testcase>
    <testcase classname="SIN-PATTERN-015-HARDCODED-ABSOLUTE-PATH_202604042257" name="tests\iter41-isolate.ps1:2">
      <system-out><![CDATA[Within baseline tolerance (count=88 &lt;= baseline=88) [MEDIUM]]]></system-out>
    </testcase>
    <testcase classname="SIN-PATTERN-015-HARDCODED-ABSOLUTE-PATH_202604042257" name="tests\iter41-pester-sample.ps1:6">
      <system-out><![CDATA[Within baseline tolerance (count=88 &lt;= baseline=88) [MEDIUM]]]></system-out>
    </testcase>
    <testcase classname="SIN-PATTERN-015-HARDCODED-ABSOLUTE-PATH_202604042257" name="tests\iter41-pester-sample.ps1:7">
      <system-out><![CDATA[Within baseline tolerance (count=88 &lt;= baseline=88) [MEDIUM]]]></system-out>
    </testcase>
    <testcase classname="SIN-PATTERN-015-HARDCODED-ABSOLUTE-PATH_202604042257" name="tests\iter42-sinscan-bat-xhtml-summary.ps1:4">
      <system-out><![CDATA[Within baseline tolerance (count=88 &lt;= baseline=88) [MEDIUM]]]></system-out>
    </testcase>
    <testcase classname="SIN-PATTERN-015-HARDCODED-ABSOLUTE-PATH_202604042257" name="tests\iter43-bom-burndown.ps1:6">
      <system-out><![CDATA[Within baseline tolerance (count=88 &lt;= baseline=88) [MEDIUM]]]></system-out>
    </testcase>
    <testcase classname="SIN-PATTERN-015-HARDCODED-ABSOLUTE-PATH_202604042257" name="tests\iter43-bom-burndown.ps1:7">
      <system-out><![CDATA[Within baseline tolerance (count=88 &lt;= baseline=88) [MEDIUM]]]></system-out>
    </testcase>
    <testcase classname="SIN-PATTERN-015-HARDCODED-ABSOLUTE-PATH_202604042257" name="tests\iter5-baseline.ps1:5">
      <system-out><![CDATA[Within baseline tolerance (count=88 &lt;= baseline=88) [MEDIUM]]]></system-out>
    </testcase>
    <testcase classname="SIN-PATTERN-015-HARDCODED-ABSOLUTE-PATH_202604042257" name="tests\iter5-baseline.ps1:8">
      <system-out><![CDATA[Within baseline tolerance (count=88 &lt;= baseline=88) [MEDIUM]]]></system-out>
    </testcase>
    <testcase classname="SIN-PATTERN-015-HARDCODED-ABSOLUTE-PATH_202604042257" name="tests\iter5-baseline.ps1:12">
      <system-out><![CDATA[Within baseline tolerance (count=88 &lt;= baseline=88) [MEDIUM]]]></system-out>
    </testcase>
    <testcase classname="SIN-PATTERN-015-HARDCODED-ABSOLUTE-PATH_202604042257" name="tests\iter6-pssa.ps1:3">
      <system-out><![CDATA[Within baseline tolerance (count=88 &lt;= baseline=88) [MEDIUM]]]></system-out>
    </testcase>
    <testcase classname="SIN-PATTERN-015-HARDCODED-ABSOLUTE-PATH_202604042257" name="tests\iter6-pssa.ps1:6">
      <system-out><![CDATA[Within baseline tolerance (count=88 &lt;= baseline=88) [MEDIUM]]]></system-out>
    </testcase>
    <testcase classname="SIN-PATTERN-015-HARDCODED-ABSOLUTE-PATH_202604042257" name="tests\iter7-debug.ps1:5">
      <system-out><![CDATA[Within baseline tolerance (count=88 &lt;= baseline=88) [MEDIUM]]]></system-out>
    </testcase>
    <testcase classname="SIN-PATTERN-015-HARDCODED-ABSOLUTE-PATH_202604042257" name="tests\iter7-p002-fix.ps1:3">
      <system-out><![CDATA[Within baseline tolerance (count=88 &lt;= baseline=88) [MEDIUM]]]></system-out>
    </testcase>
    <testcase classname="SIN-PATTERN-015-HARDCODED-ABSOLUTE-PATH_202604042257" name="tests\iter7-p002-fix.ps1:7">
      <system-out><![CDATA[Within baseline tolerance (count=88 &lt;= baseline=88) [MEDIUM]]]></system-out>
    </testcase>
    <testcase classname="SIN-PATTERN-015-HARDCODED-ABSOLUTE-PATH_202604042257" name="tests\iter8-register-p034.ps1:2">
      <system-out><![CDATA[Within baseline tolerance (count=88 &lt;= baseline=88) [MEDIUM]]]></system-out>
    </testcase>
    <testcase classname="SIN-PATTERN-015-HARDCODED-ABSOLUTE-PATH_202604042257" name="tests\iter8-register-p034.ps1:7">
      <system-out><![CDATA[Within baseline tolerance (count=88 &lt;= baseline=88) [MEDIUM]]]></system-out>
    </testcase>
    <testcase classname="SIN-PATTERN-015-HARDCODED-ABSOLUTE-PATH_202604042257" name="tests\iter9-debug.ps1:3">
      <system-out><![CDATA[Within baseline tolerance (count=88 &lt;= baseline=88) [MEDIUM]]]></system-out>
    </testcase>
    <testcase classname="SIN-PATTERN-015-HARDCODED-ABSOLUTE-PATH_202604042257" name="tests\iter9-debug.ps1:4">
      <system-out><![CDATA[Within baseline tolerance (count=88 &lt;= baseline=88) [MEDIUM]]]></system-out>
    </testcase>
    <testcase classname="SIN-PATTERN-015-HARDCODED-ABSOLUTE-PATH_202604042257" name="tests\iter9-heatmap.ps1:4">
      <system-out><![CDATA[Within baseline tolerance (count=88 &lt;= baseline=88) [MEDIUM]]]></system-out>
    </testcase>
    <testcase classname="SIN-PATTERN-015-HARDCODED-ABSOLUTE-PATH_202604042257" name="tests\iter9-heatmap.ps1:8">
      <system-out><![CDATA[Within baseline tolerance (count=88 &lt;= baseline=88) [MEDIUM]]]></system-out>
    </testcase>
    <testcase classname="SIN-PATTERN-015-HARDCODED-ABSOLUTE-PATH_202604042257" name="tests\rebuild-section9.ps1:1">
      <system-out><![CDATA[Within baseline tolerance (count=88 &lt;= baseline=88) [MEDIUM]]]></system-out>
    </testcase>
    <testcase classname="SIN-PATTERN-015-HARDCODED-ABSOLUTE-PATH_202604042257" name="tests\rename-sin.ps1:1">
      <system-out><![CDATA[Within baseline tolerance (count=88 &lt;= baseline=88) [MEDIUM]]]></system-out>
    </testcase>
    <testcase classname="SIN-PATTERN-015-HARDCODED-ABSOLUTE-PATH_202604042257" name="tests\rename-sin.ps1:2">
      <system-out><![CDATA[Within baseline tolerance (count=88 &lt;= baseline=88) [MEDIUM]]]></system-out>
    </testcase>
    <testcase classname="SIN-PATTERN-015-HARDCODED-ABSOLUTE-PATH_202604042257" name="tests\repair-iter4.ps1:2">
      <system-out><![CDATA[Within baseline tolerance (count=88 &lt;= baseline=88) [MEDIUM]]]></system-out>
    </testcase>
    <testcase classname="SIN-PATTERN-015-HARDCODED-ABSOLUTE-PATH_202604042257" name="tests\smoke-iter2-tools.ps1:15">
      <system-out><![CDATA[Within baseline tolerance (count=88 &lt;= baseline=88) [MEDIUM]]]></system-out>
    </testcase>
    <testcase classname="SIN-PATTERN-015-HARDCODED-ABSOLUTE-PATH_202604042257" name="tests\smoke-section9-all18.ps1:12">
      <system-out><![CDATA[Within baseline tolerance (count=88 &lt;= baseline=88) [MEDIUM]]]></system-out>
    </testcase>
    <testcase classname="SIN-PATTERN-015-HARDCODED-ABSOLUTE-PATH_202604042257" name="tests\smoke-section9-tools.ps1:4">
      <system-out><![CDATA[Within baseline tolerance (count=88 &lt;= baseline=88) [MEDIUM]]]></system-out>
    </testcase>
    <testcase classname="SIN-PATTERN-015-HARDCODED-ABSOLUTE-PATH_202604042257" name="tests\sweep-encoding.ps1:3">
      <system-out><![CDATA[Within baseline tolerance (count=88 &lt;= baseline=88) [MEDIUM]]]></system-out>
    </testcase>
    <testcase classname="SIN-PATTERN-015-HARDCODED-ABSOLUTE-PATH_202604042257" name="tests\sweep-encoding.ps1:4">
      <system-out><![CDATA[Within baseline tolerance (count=88 &lt;= baseline=88) [MEDIUM]]]></system-out>
    </testcase>
    <testcase classname="SIN-PATTERN-015-HARDCODED-ABSOLUTE-PATH_202604042257" name="tests\sweep-encoding.ps1:5">
      <system-out><![CDATA[Within baseline tolerance (count=88 &lt;= baseline=88) [MEDIUM]]]></system-out>
    </testcase>
    <testcase classname="SIN-PATTERN-015-HARDCODED-ABSOLUTE-PATH_202604042257" name="tests\sweep-encoding.ps1:6">
      <system-out><![CDATA[Within baseline tolerance (count=88 &lt;= baseline=88) [MEDIUM]]]></system-out>
    </testcase>
    <testcase classname="SIN-PATTERN-015-HARDCODED-ABSOLUTE-PATH_202604042257" name="tests\sweep-encoding.ps1:7">
      <system-out><![CDATA[Within baseline tolerance (count=88 &lt;= baseline=88) [MEDIUM]]]></system-out>
    </testcase>
    <testcase classname="SIN-PATTERN-015-HARDCODED-ABSOLUTE-PATH_202604042257" name="tests\verify-bom-repair.ps1:7">
      <system-out><![CDATA[Within baseline tolerance (count=88 &lt;= baseline=88) [MEDIUM]]]></system-out>
    </testcase>
    <testcase classname="SIN-PATTERN-015-HARDCODED-ABSOLUTE-PATH_202604042257" name="tests\verify-iter4-parse.ps1:2">
      <system-out><![CDATA[Within baseline tolerance (count=88 &lt;= baseline=88) [MEDIUM]]]></system-out>
    </testcase>
    <testcase classname="SIN-PATTERN-015-HARDCODED-ABSOLUTE-PATH_202604042257" name="tests\verify-iter4-parse.ps1:5">
      <system-out><![CDATA[Within baseline tolerance (count=88 &lt;= baseline=88) [MEDIUM]]]></system-out>
    </testcase>
    <testcase classname="SIN-PATTERN-015-HARDCODED-ABSOLUTE-PATH_202604042257" name="tests\verify-iter4-parse.ps1:6">
      <system-out><![CDATA[Within baseline tolerance (count=88 &lt;= baseline=88) [MEDIUM]]]></system-out>
    </testcase>
    <testcase classname="SIN-PATTERN-015-HARDCODED-ABSOLUTE-PATH_202604042257" name="tests\verify-iter4-parse.ps1:7">
      <system-out><![CDATA[Within baseline tolerance (count=88 &lt;= baseline=88) [MEDIUM]]]></system-out>
    </testcase>
    <testcase classname="SIN-PATTERN-015-HARDCODED-ABSOLUTE-PATH_202604042257" name="tests\verify-iter4-parse.ps1:8">
      <system-out><![CDATA[Within baseline tolerance (count=88 &lt;= baseline=88) [MEDIUM]]]></system-out>
    </testcase>
    <testcase classname="SIN-PATTERN-015-HARDCODED-ABSOLUTE-PATH_202604042257" name="tests\verify-scoreboard-iter7.ps1:1">
      <system-out><![CDATA[Within baseline tolerance (count=88 &lt;= baseline=88) [MEDIUM]]]></system-out>
    </testcase>
    <testcase classname="SIN-PATTERN-015-HARDCODED-ABSOLUTE-PATH_202604042257" name="tests\wrap-collapsible.ps1:1">
      <system-out><![CDATA[Within baseline tolerance (count=88 &lt;= baseline=88) [MEDIUM]]]></system-out>
    </testcase>
    <testcase classname="SIN-PATTERN-015-HARDCODED-ABSOLUTE-PATH_202604042257" name="tests\xml-validate.ps1:1">
      <system-out><![CDATA[Within baseline tolerance (count=88 &lt;= baseline=88) [MEDIUM]]]></system-out>
    </testcase>
  </testsuite>
  <testsuite name="SIN-PATTERN-016-TODO-FIXME-STALE_202604042257" tests="1" failures="0">
    <testcase classname="SIN-PATTERN-016-TODO-FIXME-STALE_202604042257" name="scripts\Invoke-HelpMenuCompliance.ps1:76">
      <system-out><![CDATA[Within baseline tolerance (count=1 &lt;= baseline=1) [MEDIUM]]]></system-out>
    </testcase>
  </testsuite>
  <testsuite name="SIN-PATTERN-017-OUTFILE-NO-ENCODING_202604042257" tests="1" failures="0">
    <testcase classname="SIN-PATTERN-017-OUTFILE-NO-ENCODING_202604042257" name="tests\Invoke-ConventionComplianceSuite.Tests.ps1:560">
      <system-out><![CDATA[Within baseline tolerance (count=1 &lt;= baseline=1) [MEDIUM]]]></system-out>
    </testcase>
  </testsuite>
  <testsuite name="SIN-PATTERN-027-NULL-ARRAY-INDEX_202604080000" tests="237" failures="0">
    <testcase classname="SIN-PATTERN-027-NULL-ARRAY-INDEX_202604080000" name="Main-GUI.ps1:265">
      <system-out><![CDATA[Within baseline tolerance (count=237 &lt;= baseline=237) [HIGH]]]></system-out>
    </testcase>
    <testcase classname="SIN-PATTERN-027-NULL-ARRAY-INDEX_202604080000" name="Main-GUI.ps1:438">
      <system-out><![CDATA[Within baseline tolerance (count=237 &lt;= baseline=237) [HIGH]]]></system-out>
    </testcase>
    <testcase classname="SIN-PATTERN-027-NULL-ARRAY-INDEX_202604080000" name="Main-GUI.ps1:444">
      <system-out><![CDATA[Within baseline tolerance (count=237 &lt;= baseline=237) [HIGH]]]></system-out>
    </testcase>
    <testcase classname="SIN-PATTERN-027-NULL-ARRAY-INDEX_202604080000" name="Main-GUI.ps1:1045">
      <system-out><![CDATA[Within baseline tolerance (count=237 &lt;= baseline=237) [HIGH]]]></system-out>
    </testcase>
    <testcase classname="SIN-PATTERN-027-NULL-ARRAY-INDEX_202604080000" name="Main-GUI.ps1:1165">
      <system-out><![CDATA[Within baseline tolerance (count=237 &lt;= baseline=237) [HIGH]]]></system-out>
    </testcase>
    <testcase classname="SIN-PATTERN-027-NULL-ARRAY-INDEX_202604080000" name="Main-GUI.ps1:1521">
      <system-out><![CDATA[Within baseline tolerance (count=237 &lt;= baseline=237) [HIGH]]]></system-out>
    </testcase>
    <testcase classname="SIN-PATTERN-027-NULL-ARRAY-INDEX_202604080000" name="Main-GUI.ps1:3382">
      <system-out><![CDATA[Within baseline tolerance (count=237 &lt;= baseline=237) [HIGH]]]></system-out>
    </testcase>
    <testcase classname="SIN-PATTERN-027-NULL-ARRAY-INDEX_202604080000" name="Main-GUI.ps1:3513">
      <system-out><![CDATA[Within baseline tolerance (count=237 &lt;= baseline=237) [HIGH]]]></system-out>
    </testcase>
    <testcase classname="SIN-PATTERN-027-NULL-ARRAY-INDEX_202604080000" name="Main-GUI.ps1:3514">
      <system-out><![CDATA[Within baseline tolerance (count=237 &lt;= baseline=237) [HIGH]]]></system-out>
    </testcase>
    <testcase classname="SIN-PATTERN-027-NULL-ARRAY-INDEX_202604080000" name="Main-GUI.ps1:3703">
      <system-out><![CDATA[Within baseline tolerance (count=237 &lt;= baseline=237) [HIGH]]]></system-out>
    </testcase>
    <testcase classname="SIN-PATTERN-027-NULL-ARRAY-INDEX_202604080000" name="Main-GUI.ps1:3704">
      <system-out><![CDATA[Within baseline tolerance (count=237 &lt;= baseline=237) [HIGH]]]></system-out>
    </testcase>
    <testcase classname="SIN-PATTERN-027-NULL-ARRAY-INDEX_202604080000" name="Main-GUI.ps1:3769">
      <system-out><![CDATA[Within baseline tolerance (count=237 &lt;= baseline=237) [HIGH]]]></system-out>
    </testcase>
    <testcase classname="SIN-PATTERN-027-NULL-ARRAY-INDEX_202604080000" name="Main-GUI.ps1:4121">
      <system-out><![CDATA[Within baseline tolerance (count=237 &lt;= baseline=237) [HIGH]]]></system-out>
    </testcase>
    <testcase classname="SIN-PATTERN-027-NULL-ARRAY-INDEX_202604080000" name="Main-GUI.ps1:4188">
      <system-out><![CDATA[Within baseline tolerance (count=237 &lt;= baseline=237) [HIGH]]]></system-out>
    </testcase>
    <testcase classname="SIN-PATTERN-027-NULL-ARRAY-INDEX_202604080000" name="Main-GUI.ps1:4840">
      <system-out><![CDATA[Within baseline tolerance (count=237 &lt;= baseline=237) [HIGH]]]></system-out>
    </testcase>
    <testcase classname="SIN-PATTERN-027-NULL-ARRAY-INDEX_202604080000" name="Main-GUI.ps1:5441">
      <system-out><![CDATA[Within baseline tolerance (count=237 &lt;= baseline=237) [HIGH]]]></system-out>
    </testcase>
    <testcase classname="SIN-PATTERN-027-NULL-ARRAY-INDEX_202604080000" name="Main-GUI.ps1:6336">
      <system-out><![CDATA[Within baseline tolerance (count=237 &lt;= baseline=237) [HIGH]]]></system-out>
    </testcase>
    <testcase classname="SIN-PATTERN-027-NULL-ARRAY-INDEX_202604080000" name="Main-GUI.ps1:7454">
      <system-out><![CDATA[Within baseline tolerance (count=237 &lt;= baseline=237) [HIGH]]]></system-out>
    </testcase>
    <testcase classname="SIN-PATTERN-027-NULL-ARRAY-INDEX_202604080000" name="Main-GUI.ps1:8925">
      <system-out><![CDATA[Within baseline tolerance (count=237 &lt;= baseline=237) [HIGH]]]></system-out>
    </testcase>
    <testcase classname="SIN-PATTERN-027-NULL-ARRAY-INDEX_202604080000" name="Main-GUI.ps1:8927">
      <system-out><![CDATA[Within baseline tolerance (count=237 &lt;= baseline=237) [HIGH]]]></system-out>
    </testcase>
    <testcase classname="SIN-PATTERN-027-NULL-ARRAY-INDEX_202604080000" name="Main-GUI.ps1:8962">
      <system-out><![CDATA[Within baseline tolerance (count=237 &lt;= baseline=237) [HIGH]]]></system-out>
    </testcase>
    <testcase classname="SIN-PATTERN-027-NULL-ARRAY-INDEX_202604080000" name="Main-GUI.ps1:8964">
      <system-out><![CDATA[Within baseline tolerance (count=237 &lt;= baseline=237) [HIGH]]]></system-out>
    </testcase>
    <testcase classname="SIN-PATTERN-027-NULL-ARRAY-INDEX_202604080000" name="scripts\Build-AgenticManifest.ps1:181">
      <system-out><![CDATA[Within baseline tolerance (count=237 &lt;= baseline=237) [HIGH]]]></system-out>
    </testcase>
    <testcase classname="SIN-PATTERN-027-NULL-ARRAY-INDEX_202604080000" name="scripts\Build-AgenticManifest.ps1:189">
      <system-out><![CDATA[Within baseline tolerance (count=237 &lt;= baseline=237) [HIGH]]]></system-out>
    </testcase>
    <testcase classname="SIN-PATTERN-027-NULL-ARRAY-INDEX_202604080000" name="scripts\Build-AgenticManifest.ps1:195">
      <system-out><![CDATA[Within baseline tolerance (count=237 &lt;= baseline=237) [HIGH]]]></system-out>
    </testcase>
    <testcase classname="SIN-PATTERN-027-NULL-ARRAY-INDEX_202604080000" name="scripts\Build-AgenticManifest.ps1:202">
      <system-out><![CDATA[Within baseline tolerance (count=237 &lt;= baseline=237) [HIGH]]]></system-out>
    </testcase>
    <testcase classname="SIN-PATTERN-027-NULL-ARRAY-INDEX_202604080000" name="scripts\Build-AgenticManifest.ps1:511">
      <system-out><![CDATA[Within baseline tolerance (count=237 &lt;= baseline=237) [HIGH]]]></system-out>
    </testcase>
    <testcase classname="SIN-PATTERN-027-NULL-ARRAY-INDEX_202604080000" name="scripts\Build-AgenticManifest.ps1:552">
      <system-out><![CDATA[Within baseline tolerance (count=237 &lt;= baseline=237) [HIGH]]]></system-out>
    </testcase>
    <testcase classname="SIN-PATTERN-027-NULL-ARRAY-INDEX_202604080000" name="scripts\Build-AgenticManifest.ps1:976">
      <system-out><![CDATA[Within baseline tolerance (count=237 &lt;= baseline=237) [HIGH]]]></system-out>
    </testcase>
    <testcase classname="SIN-PATTERN-027-NULL-ARRAY-INDEX_202604080000" name="scripts\Build-AgenticManifest.ps1:986">
      <system-out><![CDATA[Within baseline tolerance (count=237 &lt;= baseline=237) [HIGH]]]></system-out>
    </testcase>
    <testcase classname="SIN-PATTERN-027-NULL-ARRAY-INDEX_202604080000" name="scripts\Build-AgenticManifest.ps1:1029">
      <system-out><![CDATA[Within baseline tolerance (count=237 &lt;= baseline=237) [HIGH]]]></system-out>
    </testcase>
    <testcase classname="SIN-PATTERN-027-NULL-ARRAY-INDEX_202604080000" name="scripts\Build-AgenticManifest.ps1:1042">
      <system-out><![CDATA[Within baseline tolerance (count=237 &lt;= baseline=237) [HIGH]]]></system-out>
    </testcase>
    <testcase classname="SIN-PATTERN-027-NULL-ARRAY-INDEX_202604080000" name="scripts\Build-AgenticManifest.ps1:1060">
      <system-out><![CDATA[Within baseline tolerance (count=237 &lt;= baseline=237) [HIGH]]]></system-out>
    </testcase>
    <testcase classname="SIN-PATTERN-027-NULL-ARRAY-INDEX_202604080000" name="scripts\Build-AgenticManifest.ps1:1068">
      <system-out><![CDATA[Within baseline tolerance (count=237 &lt;= baseline=237) [HIGH]]]></system-out>
    </testcase>
    <testcase classname="SIN-PATTERN-027-NULL-ARRAY-INDEX_202604080000" name="scripts\Build-AgenticManifest.ps1:1069">
      <system-out><![CDATA[Within baseline tolerance (count=237 &lt;= baseline=237) [HIGH]]]></system-out>
    </testcase>
    <testcase classname="SIN-PATTERN-027-NULL-ARRAY-INDEX_202604080000" name="scripts\Invoke-AgentCallStats.ps1:53">
      <system-out><![CDATA[Within baseline tolerance (count=237 &lt;= baseline=237) [HIGH]]]></system-out>
    </testcase>
    <testcase classname="SIN-PATTERN-027-NULL-ARRAY-INDEX_202604080000" name="scripts\Invoke-AgentCallStats.ps1:90">
      <system-out><![CDATA[Within baseline tolerance (count=237 &lt;= baseline=237) [HIGH]]]></system-out>
    </testcase>
    <testcase classname="SIN-PATTERN-027-NULL-ARRAY-INDEX_202604080000" name="scripts\Invoke-AgentCallStats.ps1:127">
      <system-out><![CDATA[Within baseline tolerance (count=237 &lt;= baseline=237) [HIGH]]]></system-out>
    </testcase>
    <testcase classname="SIN-PATTERN-027-NULL-ARRAY-INDEX_202604080000" name="scripts\Invoke-AgentCallStats.ps1:135">
      <system-out><![CDATA[Within baseline tolerance (count=237 &lt;= baseline=237) [HIGH]]]></system-out>
    </testcase>
    <testcase classname="SIN-PATTERN-027-NULL-ARRAY-INDEX_202604080000" name="scripts\Invoke-AgentCallStats.ps1:136">
      <system-out><![CDATA[Within baseline tolerance (count=237 &lt;= baseline=237) [HIGH]]]></system-out>
    </testcase>
    <testcase classname="SIN-PATTERN-027-NULL-ARRAY-INDEX_202604080000" name="scripts\Invoke-AgentCallStats.ps1:137">
      <system-out><![CDATA[Within baseline tolerance (count=237 &lt;= baseline=237) [HIGH]]]></system-out>
    </testcase>
    <testcase classname="SIN-PATTERN-027-NULL-ARRAY-INDEX_202604080000" name="scripts\Invoke-ChangelogDiff.ps1:147">
      <system-out><![CDATA[Within baseline tolerance (count=237 &lt;= baseline=237) [HIGH]]]></system-out>
    </testcase>
    <testcase classname="SIN-PATTERN-027-NULL-ARRAY-INDEX_202604080000" name="scripts\Invoke-ChangelogDiff.ps1:265">
      <system-out><![CDATA[Within baseline tolerance (count=237 &lt;= baseline=237) [HIGH]]]></system-out>
    </testcase>
    <testcase classname="SIN-PATTERN-027-NULL-ARRAY-INDEX_202604080000" name="scripts\Invoke-ChangelogDiff.ps1:266">
      <system-out><![CDATA[Within baseline tolerance (count=237 &lt;= baseline=237) [HIGH]]]></system-out>
    </testcase>
    <testcase classname="SIN-PATTERN-027-NULL-ARRAY-INDEX_202604080000" name="scripts\Invoke-ChangelogDiff.ps1:326">
      <system-out><![CDATA[Within baseline tolerance (count=237 &lt;= baseline=237) [HIGH]]]></system-out>
    </testcase>
    <testcase classname="SIN-PATTERN-027-NULL-ARRAY-INDEX_202604080000" name="scripts\Invoke-ChangelogDiff.ps1:327">
      <system-out><![CDATA[Within baseline tolerance (count=237 &lt;= baseline=237) [HIGH]]]></system-out>
    </testcase>
    <testcase classname="SIN-PATTERN-027-NULL-ARRAY-INDEX_202604080000" name="scripts\Invoke-ChangelogDiff.ps1:335">
      <system-out><![CDATA[Within baseline tolerance (count=237 &lt;= baseline=237) [HIGH]]]></system-out>
    </testcase>
    <testcase classname="SIN-PATTERN-027-NULL-ARRAY-INDEX_202604080000" name="scripts\Invoke-ChangelogDiff.ps1:337">
      <system-out><![CDATA[Within baseline tolerance (count=237 &lt;= baseline=237) [HIGH]]]></system-out>
    </testcase>
    <testcase classname="SIN-PATTERN-027-NULL-ARRAY-INDEX_202604080000" name="scripts\Invoke-ChangelogDiff.ps1:344">
      <system-out><![CDATA[Within baseline tolerance (count=237 &lt;= baseline=237) [HIGH]]]></system-out>
    </testcase>
    <testcase classname="SIN-PATTERN-027-NULL-ARRAY-INDEX_202604080000" name="scripts\Invoke-ChangelogDiff.ps1:348">
      <system-out><![CDATA[Within baseline tolerance (count=237 &lt;= baseline=237) [HIGH]]]></system-out>
    </testcase>
    <testcase classname="SIN-PATTERN-027-NULL-ARRAY-INDEX_202604080000" name="scripts\Invoke-ConfigCoverageAudit.ps1:96">
      <system-out><![CDATA[Within baseline tolerance (count=237 &lt;= baseline=237) [HIGH]]]></system-out>
    </testcase>
    <testcase classname="SIN-PATTERN-027-NULL-ARRAY-INDEX_202604080000" name="scripts\Invoke-ConfigCoverageAudit.ps1:110">
      <system-out><![CDATA[Within baseline tolerance (count=237 &lt;= baseline=237) [HIGH]]]></system-out>
    </testcase>
    <testcase classname="SIN-PATTERN-027-NULL-ARRAY-INDEX_202604080000" name="scripts\Invoke-ConfigCoverageAudit.ps1:113">
      <system-out><![CDATA[Within baseline tolerance (count=237 &lt;= baseline=237) [HIGH]]]></system-out>
    </testcase>
    <testcase classname="SIN-PATTERN-027-NULL-ARRAY-INDEX_202604080000" name="scripts\Invoke-ConfigCoverageAudit.ps1:148">
      <system-out><![CDATA[Within baseline tolerance (count=237 &lt;= baseline=237) [HIGH]]]></system-out>
    </testcase>
    <testcase classname="SIN-PATTERN-027-NULL-ARRAY-INDEX_202604080000" name="scripts\Invoke-ConfigCoverageAudit.ps1:149">
      <system-out><![CDATA[Within baseline tolerance (count=237 &lt;= baseline=237) [HIGH]]]></system-out>
    </testcase>
    <testcase classname="SIN-PATTERN-027-NULL-ARRAY-INDEX_202604080000" name="scripts\Invoke-DataMigration.ps1:179">
      <system-out><![CDATA[Within baseline tolerance (count=237 &lt;= baseline=237) [HIGH]]]></system-out>
    </testcase>
    <testcase classname="SIN-PATTERN-027-NULL-ARRAY-INDEX_202604080000" name="scripts\Invoke-DataMigration.ps1:190">
      <system-out><![CDATA[Within baseline tolerance (count=237 &lt;= baseline=237) [HIGH]]]></system-out>
    </testcase>
    <testcase classname="SIN-PATTERN-027-NULL-ARRAY-INDEX_202604080000" name="scripts\Invoke-EventLogStandardSweep.ps1:64">
      <system-out><![CDATA[Within baseline tolerance (count=237 &lt;= baseline=237) [HIGH]]]></system-out>
    </testcase>
    <testcase classname="SIN-PATTERN-027-NULL-ARRAY-INDEX_202604080000" name="scripts\Invoke-EventLogViewInject.ps1:98">
      <system-out><![CDATA[Within baseline tolerance (count=237 &lt;= baseline=237) [HIGH]]]></system-out>
    </testcase>
    <testcase classname="SIN-PATTERN-027-NULL-ARRAY-INDEX_202604080000" name="scripts\Invoke-FullSystemsScan.ps1:127">
      <system-out><![CDATA[Within baseline tolerance (count=237 &lt;= baseline=237) [HIGH]]]></system-out>
    </testcase>
    <testcase classname="SIN-PATTERN-027-NULL-ARRAY-INDEX_202604080000" name="scripts\Invoke-FullSystemsScan.ps1:204">
      <system-out><![CDATA[Within baseline tolerance (count=237 &lt;= baseline=237) [HIGH]]]></system-out>
    </testcase>
    <testcase classname="SIN-PATTERN-027-NULL-ARRAY-INDEX_202604080000" name="scripts\Invoke-ModuleManagement.ps1:272">
      <system-out><![CDATA[Within baseline tolerance (count=237 &lt;= baseline=237) [HIGH]]]></system-out>
    </testcase>
    <testcase classname="SIN-PATTERN-027-NULL-ARRAY-INDEX_202604080000" name="scripts\Invoke-ModuleManagement.ps1:285">
      <system-out><![CDATA[Within baseline tolerance (count=237 &lt;= baseline=237) [HIGH]]]></system-out>
    </testcase>
    <testcase classname="SIN-PATTERN-027-NULL-ARRAY-INDEX_202604080000" name="scripts\Invoke-ModuleManagement.ps1:348">
      <system-out><![CDATA[Within baseline tolerance (count=237 &lt;= baseline=237) [HIGH]]]></system-out>
    </testcase>
    <testcase classname="SIN-PATTERN-027-NULL-ARRAY-INDEX_202604080000" name="scripts\Invoke-ModuleManagement.ps1:360">
      <system-out><![CDATA[Within baseline tolerance (count=237 &lt;= baseline=237) [HIGH]]]></system-out>
    </testcase>
    <testcase classname="SIN-PATTERN-027-NULL-ARRAY-INDEX_202604080000" name="scripts\Invoke-PSEnvironmentScanner.ps1:209">
      <system-out><![CDATA[Within baseline tolerance (count=237 &lt;= baseline=237) [HIGH]]]></system-out>
    </testcase>
    <testcase classname="SIN-PATTERN-027-NULL-ARRAY-INDEX_202604080000" name="scripts\Invoke-PSEnvironmentScanner.ps1:661">
      <system-out><![CDATA[Within baseline tolerance (count=237 &lt;= baseline=237) [HIGH]]]></system-out>
    </testcase>
    <testcase classname="SIN-PATTERN-027-NULL-ARRAY-INDEX_202604080000" name="scripts\Invoke-PSEnvironmentScanner.ps1:1257">
      <system-out><![CDATA[Within baseline tolerance (count=237 &lt;= baseline=237) [HIGH]]]></system-out>
    </testcase>
    <testcase classname="SIN-PATTERN-027-NULL-ARRAY-INDEX_202604080000" name="scripts\Invoke-ScriptDependencyMatrix.ps1:185">
      <system-out><![CDATA[Within baseline tolerance (count=237 &lt;= baseline=237) [HIGH]]]></system-out>
    </testcase>
    <testcase classname="SIN-PATTERN-027-NULL-ARRAY-INDEX_202604080000" name="scripts\Invoke-ScriptDependencyMatrix.ps1:224">
      <system-out><![CDATA[Within baseline tolerance (count=237 &lt;= baseline=237) [HIGH]]]></system-out>
    </testcase>
    <testcase classname="SIN-PATTERN-027-NULL-ARRAY-INDEX_202604080000" name="scripts\Invoke-ScriptDependencyMatrix.ps1:226">
      <system-out><![CDATA[Within baseline tolerance (count=237 &lt;= baseline=237) [HIGH]]]></system-out>
    </testcase>
    <testcase classname="SIN-PATTERN-027-NULL-ARRAY-INDEX_202604080000" name="scripts\Invoke-ScriptDependencyMatrix.ps1:285">
      <system-out><![CDATA[Within baseline tolerance (count=237 &lt;= baseline=237) [HIGH]]]></system-out>
    </testcase>
    <testcase classname="SIN-PATTERN-027-NULL-ARRAY-INDEX_202604080000" name="scripts\Invoke-ScriptDependencyMatrix.ps1:320">
      <system-out><![CDATA[Within baseline tolerance (count=237 &lt;= baseline=237) [HIGH]]]></system-out>
    </testcase>
    <testcase classname="SIN-PATTERN-027-NULL-ARRAY-INDEX_202604080000" name="scripts\Invoke-ScriptDependencyMatrix.ps1:322">
      <system-out><![CDATA[Within baseline tolerance (count=237 &lt;= baseline=237) [HIGH]]]></system-out>
    </testcase>
    <testcase classname="SIN-PATTERN-027-NULL-ARRAY-INDEX_202604080000" name="scripts\Invoke-ScriptDependencyMatrix.ps1:353">
      <system-out><![CDATA[Within baseline tolerance (count=237 &lt;= baseline=237) [HIGH]]]></system-out>
    </testcase>
    <testcase classname="SIN-PATTERN-027-NULL-ARRAY-INDEX_202604080000" name="scripts\Invoke-ScriptDependencyMatrix.ps1:584">
      <system-out><![CDATA[Within baseline tolerance (count=237 &lt;= baseline=237) [HIGH]]]></system-out>
    </testcase>
    <testcase classname="SIN-PATTERN-027-NULL-ARRAY-INDEX_202604080000" name="scripts\Invoke-ScriptDependencyMatrix.ps1:591">
      <system-out><![CDATA[Within baseline tolerance (count=237 &lt;= baseline=237) [HIGH]]]></system-out>
    </testcase>
    <testcase classname="SIN-PATTERN-027-NULL-ARRAY-INDEX_202604080000" name="scripts\Invoke-ScriptDependencyMatrix.ps1:659">
      <system-out><![CDATA[Within baseline tolerance (count=237 &lt;= baseline=237) [HIGH]]]></system-out>
    </testcase>
    <testcase classname="SIN-PATTERN-027-NULL-ARRAY-INDEX_202604080000" name="scripts\Invoke-ScriptDependencyMatrix.ps1:661">
      <system-out><![CDATA[Within baseline tolerance (count=237 &lt;= baseline=237) [HIGH]]]></system-out>
    </testcase>
    <testcase classname="SIN-PATTERN-027-NULL-ARRAY-INDEX_202604080000" name="scripts\Invoke-ScriptDependencyMatrix.ps1:669">
      <system-out><![CDATA[Within baseline tolerance (count=237 &lt;= baseline=237) [HIGH]]]></system-out>
    </testcase>
    <testcase classname="SIN-PATTERN-027-NULL-ARRAY-INDEX_202604080000" name="scripts\Invoke-SelfReviewCycle.ps1:114">
      <system-out><![CDATA[Within baseline tolerance (count=237 &lt;= baseline=237) [HIGH]]]></system-out>
    </testcase>
    <testcase classname="SIN-PATTERN-027-NULL-ARRAY-INDEX_202604080000" name="scripts\Invoke-SelfReviewCycle.ps1:793">
      <system-out><![CDATA[Within baseline tolerance (count=237 &lt;= baseline=237) [HIGH]]]></system-out>
    </testcase>
    <testcase classname="SIN-PATTERN-027-NULL-ARRAY-INDEX_202604080000" name="scripts\Invoke-SelfReviewCycle.ps1:798">
      <system-out><![CDATA[Within baseline tolerance (count=237 &lt;= baseline=237) [HIGH]]]></system-out>
    </testcase>
    <testcase classname="SIN-PATTERN-027-NULL-ARRAY-INDEX_202604080000" name="scripts\Invoke-SelfReviewCycle.ps1:801">
      <system-out><![CDATA[Within baseline tolerance (count=237 &lt;= baseline=237) [HIGH]]]></system-out>
    </testcase>
    <testcase classname="SIN-PATTERN-027-NULL-ARRAY-INDEX_202604080000" name="scripts\Invoke-SelfReviewCycle.ps1:803">
      <system-out><![CDATA[Within baseline tolerance (count=237 &lt;= baseline=237) [HIGH]]]></system-out>
    </testcase>
    <testcase classname="SIN-PATTERN-027-NULL-ARRAY-INDEX_202604080000" name="scripts\Invoke-SelfReviewCycle.ps1:820">
      <system-out><![CDATA[Within baseline tolerance (count=237 &lt;= baseline=237) [HIGH]]]></system-out>
    </testcase>
    <testcase classname="SIN-PATTERN-027-NULL-ARRAY-INDEX_202604080000" name="scripts\Invoke-SelfReviewCycle.ps1:823">
      <system-out><![CDATA[Within baseline tolerance (count=237 &lt;= baseline=237) [HIGH]]]></system-out>
    </testcase>
    <testcase classname="SIN-PATTERN-027-NULL-ARRAY-INDEX_202604080000" name="scripts\Invoke-SelfReviewCycle.ps1:832">
      <system-out><![CDATA[Within baseline tolerance (count=237 &lt;= baseline=237) [HIGH]]]></system-out>
    </testcase>
    <testcase classname="SIN-PATTERN-027-NULL-ARRAY-INDEX_202604080000" name="scripts\Invoke-SelfReviewCycle.ps1:851">
      <system-out><![CDATA[Within baseline tolerance (count=237 &lt;= baseline=237) [HIGH]]]></system-out>
    </testcase>
    <testcase classname="SIN-PATTERN-027-NULL-ARRAY-INDEX_202604080000" name="scripts\Invoke-SINRemedyEngine.ps1:315">
      <system-out><![CDATA[Within baseline tolerance (count=237 &lt;= baseline=237) [HIGH]]]></system-out>
    </testcase>
    <testcase classname="SIN-PATTERN-027-NULL-ARRAY-INDEX_202604080000" name="scripts\Invoke-VersionAlignmentTool.ps1:255">
      <system-out><![CDATA[Within baseline tolerance (count=237 &lt;= baseline=237) [HIGH]]]></system-out>
    </testcase>
    <testcase classname="SIN-PATTERN-027-NULL-ARRAY-INDEX_202604080000" name="scripts\Invoke-VersionAlignmentTool.ps1:273">
      <system-out><![CDATA[Within baseline tolerance (count=237 &lt;= baseline=237) [HIGH]]]></system-out>
    </testcase>
    <testcase classname="SIN-PATTERN-027-NULL-ARRAY-INDEX_202604080000" name="scripts\Invoke-VersionAlignmentTool.ps1:346">
      <system-out><![CDATA[Within baseline tolerance (count=237 &lt;= baseline=237) [HIGH]]]></system-out>
    </testcase>
    <testcase classname="SIN-PATTERN-027-NULL-ARRAY-INDEX_202604080000" name="scripts\Invoke-VersionAlignmentTool.ps1:351">
      <system-out><![CDATA[Within baseline tolerance (count=237 &lt;= baseline=237) [HIGH]]]></system-out>
    </testcase>
    <testcase classname="SIN-PATTERN-027-NULL-ARRAY-INDEX_202604080000" name="scripts\Invoke-VersionAlignmentTool.ps1:422">
      <system-out><![CDATA[Within baseline tolerance (count=237 &lt;= baseline=237) [HIGH]]]></system-out>
    </testcase>
    <testcase classname="SIN-PATTERN-027-NULL-ARRAY-INDEX_202604080000" name="scripts\Invoke-WorkspaceDependencyMap.ps1:484">
      <system-out><![CDATA[Within baseline tolerance (count=237 &lt;= baseline=237) [HIGH]]]></system-out>
    </testcase>
    <testcase classname="SIN-PATTERN-027-NULL-ARRAY-INDEX_202604080000" name="scripts\Invoke-WorkspaceDependencyMap.ps1:495">
      <system-out><![CDATA[Within baseline tolerance (count=237 &lt;= baseline=237) [HIGH]]]></system-out>
    </testcase>
    <testcase classname="SIN-PATTERN-027-NULL-ARRAY-INDEX_202604080000" name="scripts\Invoke-WorkspaceDependencyMap.ps1:504">
      <system-out><![CDATA[Within baseline tolerance (count=237 &lt;= baseline=237) [HIGH]]]></system-out>
    </testcase>
    <testcase classname="SIN-PATTERN-027-NULL-ARRAY-INDEX_202604080000" name="scripts\Invoke-WorkspaceDependencyMap.ps1:523">
      <system-out><![CDATA[Within baseline tolerance (count=237 &lt;= baseline=237) [HIGH]]]></system-out>
    </testcase>
    <testcase classname="SIN-PATTERN-027-NULL-ARRAY-INDEX_202604080000" name="scripts\Invoke-WorkspaceDependencyMap.ps1:585">
      <system-out><![CDATA[Within baseline tolerance (count=237 &lt;= baseline=237) [HIGH]]]></system-out>
    </testcase>
    <testcase classname="SIN-PATTERN-027-NULL-ARRAY-INDEX_202604080000" name="scripts\Invoke-WorkspaceDependencyMap.ps1:587">
      <system-out><![CDATA[Within baseline tolerance (count=237 &lt;= baseline=237) [HIGH]]]></system-out>
    </testcase>
    <testcase classname="SIN-PATTERN-027-NULL-ARRAY-INDEX_202604080000" name="scripts\Invoke-WorkspaceDependencyMap.ps1:592">
      <system-out><![CDATA[Within baseline tolerance (count=237 &lt;= baseline=237) [HIGH]]]></system-out>
    </testcase>
    <testcase classname="SIN-PATTERN-027-NULL-ARRAY-INDEX_202604080000" name="scripts\Invoke-WorkspaceDependencyMap.ps1:597">
      <system-out><![CDATA[Within baseline tolerance (count=237 &lt;= baseline=237) [HIGH]]]></system-out>
    </testcase>
    <testcase classname="SIN-PATTERN-027-NULL-ARRAY-INDEX_202604080000" name="scripts\Invoke-WorkspaceDependencyMap.ps1:600">
      <system-out><![CDATA[Within baseline tolerance (count=237 &lt;= baseline=237) [HIGH]]]></system-out>
    </testcase>
    <testcase classname="SIN-PATTERN-027-NULL-ARRAY-INDEX_202604080000" name="scripts\Script1.ps1:686">
      <system-out><![CDATA[Within baseline tolerance (count=237 &lt;= baseline=237) [HIGH]]]></system-out>
    </testcase>
    <testcase classname="SIN-PATTERN-027-NULL-ARRAY-INDEX_202604080000" name="scripts\Script6.ps1:382">
      <system-out><![CDATA[Within baseline tolerance (count=237 &lt;= baseline=237) [HIGH]]]></system-out>
    </testcase>
    <testcase classname="SIN-PATTERN-027-NULL-ARRAY-INDEX_202604080000" name="scripts\Script6.ps1:386">
      <system-out><![CDATA[Within baseline tolerance (count=237 &lt;= baseline=237) [HIGH]]]></system-out>
    </testcase>
    <testcase classname="SIN-PATTERN-027-NULL-ARRAY-INDEX_202604080000" name="scripts\Script6.ps1:423">
      <system-out><![CDATA[Within baseline tolerance (count=237 &lt;= baseline=237) [HIGH]]]></system-out>
    </testcase>
    <testcase classname="SIN-PATTERN-027-NULL-ARRAY-INDEX_202604080000" name="scripts\Script6.ps1:454">
      <system-out><![CDATA[Within baseline tolerance (count=237 &lt;= baseline=237) [HIGH]]]></system-out>
    </testcase>
    <testcase classname="SIN-PATTERN-027-NULL-ARRAY-INDEX_202604080000" name="scripts\Script6.ps1:456">
      <system-out><![CDATA[Within baseline tolerance (count=237 &lt;= baseline=237) [HIGH]]]></system-out>
    </testcase>
    <testcase classname="SIN-PATTERN-027-NULL-ARRAY-INDEX_202604080000" name="scripts\Script6.ps1:523">
      <system-out><![CDATA[Within baseline tolerance (count=237 &lt;= baseline=237) [HIGH]]]></system-out>
    </testcase>
    <testcase classname="SIN-PATTERN-027-NULL-ARRAY-INDEX_202604080000" name="scripts\Show-AppTemplateManager.ps1:40">
      <system-out><![CDATA[Within baseline tolerance (count=237 &lt;= baseline=237) [HIGH]]]></system-out>
    </testcase>
    <testcase classname="SIN-PATTERN-027-NULL-ARRAY-INDEX_202604080000" name="scripts\Show-AppTemplateManager.ps1:47">
      <system-out><![CDATA[Within baseline tolerance (count=237 &lt;= baseline=237) [HIGH]]]></system-out>
    </testcase>
    <testcase classname="SIN-PATTERN-027-NULL-ARRAY-INDEX_202604080000" name="scripts\Show-AppTemplateManager.ps1:68">
      <system-out><![CDATA[Within baseline tolerance (count=237 &lt;= baseline=237) [HIGH]]]></system-out>
    </testcase>
    <testcase classname="SIN-PATTERN-027-NULL-ARRAY-INDEX_202604080000" name="scripts\Show-AppTemplateManager.ps1:76">
      <system-out><![CDATA[Within baseline tolerance (count=237 &lt;= baseline=237) [HIGH]]]></system-out>
    </testcase>
    <testcase classname="SIN-PATTERN-027-NULL-ARRAY-INDEX_202604080000" name="scripts\Show-CronAiAthonTool.ps1:418">
      <system-out><![CDATA[Within baseline tolerance (count=237 &lt;= baseline=237) [HIGH]]]></system-out>
    </testcase>
    <testcase classname="SIN-PATTERN-027-NULL-ARRAY-INDEX_202604080000" name="scripts\Show-CronAiAthonTool.ps1:1225">
      <system-out><![CDATA[Within baseline tolerance (count=237 &lt;= baseline=237) [HIGH]]]></system-out>
    </testcase>
    <testcase classname="SIN-PATTERN-027-NULL-ARRAY-INDEX_202604080000" name="scripts\Show-CronAiAthonTool.ps1:1270">
      <system-out><![CDATA[Within baseline tolerance (count=237 &lt;= baseline=237) [HIGH]]]></system-out>
    </testcase>
    <testcase classname="SIN-PATTERN-027-NULL-ARRAY-INDEX_202604080000" name="scripts\Show-CronAiAthonTool.ps1:1585">
      <system-out><![CDATA[Within baseline tolerance (count=237 &lt;= baseline=237) [HIGH]]]></system-out>
    </testcase>
    <testcase classname="SIN-PATTERN-027-NULL-ARRAY-INDEX_202604080000" name="scripts\Show-CronAiAthonTool.ps1:2124">
      <system-out><![CDATA[Within baseline tolerance (count=237 &lt;= baseline=237) [HIGH]]]></system-out>
    </testcase>
    <testcase classname="SIN-PATTERN-027-NULL-ARRAY-INDEX_202604080000" name="scripts\Show-CronAiAthonTool.ps1:2743">
      <system-out><![CDATA[Within baseline tolerance (count=237 &lt;= baseline=237) [HIGH]]]></system-out>
    </testcase>
    <testcase classname="SIN-PATTERN-027-NULL-ARRAY-INDEX_202604080000" name="scripts\Show-ScanDashboard.ps1:339">
      <system-out><![CDATA[Within baseline tolerance (count=237 &lt;= baseline=237) [HIGH]]]></system-out>
    </testcase>
    <testcase classname="SIN-PATTERN-027-NULL-ARRAY-INDEX_202604080000" name="scripts\Show-ScanDashboard.ps1:351">
      <system-out><![CDATA[Within baseline tolerance (count=237 &lt;= baseline=237) [HIGH]]]></system-out>
    </testcase>
    <testcase classname="SIN-PATTERN-027-NULL-ARRAY-INDEX_202604080000" name="scripts\Show-ScanDashboard.ps1:398">
      <system-out><![CDATA[Within baseline tolerance (count=237 &lt;= baseline=237) [HIGH]]]></system-out>
    </testcase>
    <testcase classname="SIN-PATTERN-027-NULL-ARRAY-INDEX_202604080000" name="scripts\Show-ScanDashboard.ps1:407">
      <system-out><![CDATA[Within baseline tolerance (count=237 &lt;= baseline=237) [HIGH]]]></system-out>
    </testcase>
    <testcase classname="SIN-PATTERN-027-NULL-ARRAY-INDEX_202604080000" name="scripts\Show-ScanDashboard.ps1:679">
      <system-out><![CDATA[Within baseline tolerance (count=237 &lt;= baseline=237) [HIGH]]]></system-out>
    </testcase>
    <testcase classname="SIN-PATTERN-027-NULL-ARRAY-INDEX_202604080000" name="scripts\Start-LocalWebEngine.ps1:987">
      <system-out><![CDATA[Within baseline tolerance (count=237 &lt;= baseline=237) [HIGH]]]></system-out>
    </testcase>
    <testcase classname="SIN-PATTERN-027-NULL-ARRAY-INDEX_202604080000" name="scripts\UserProfile-Manager.ps1:104">
      <system-out><![CDATA[Within baseline tolerance (count=237 &lt;= baseline=237) [HIGH]]]></system-out>
    </testcase>
    <testcase classname="SIN-PATTERN-027-NULL-ARRAY-INDEX_202604080000" name="scripts\WinRemote-PSTool.ps1:603">
      <system-out><![CDATA[Within baseline tolerance (count=237 &lt;= baseline=237) [HIGH]]]></system-out>
    </testcase>
    <testcase classname="SIN-PATTERN-027-NULL-ARRAY-INDEX_202604080000" name="scripts\WinRemote-PSTool.ps1:1184">
      <system-out><![CDATA[Within baseline tolerance (count=237 &lt;= baseline=237) [HIGH]]]></system-out>
    </testcase>
    <testcase classname="SIN-PATTERN-027-NULL-ARRAY-INDEX_202604080000" name="scripts\windguits\Qik-TERMInet0r\Windguit_Qik-TERMInet0r.ps1:61">
      <system-out><![CDATA[Within baseline tolerance (count=237 &lt;= baseline=237) [HIGH]]]></system-out>
    </testcase>
    <testcase classname="SIN-PATTERN-027-NULL-ARRAY-INDEX_202604080000" name="scripts\windguits\Qik-TERMInet0r\Windguit_Qik-TERMInet0r.ps1:73">
      <system-out><![CDATA[Within baseline tolerance (count=237 &lt;= baseline=237) [HIGH]]]></system-out>
    </testcase>
    <testcase classname="SIN-PATTERN-027-NULL-ARRAY-INDEX_202604080000" name="scripts\windguits\Qik-TERMInet0r\Windguit_Qik-TERMInet0r2_TerminalLayoutManager.ps1:55">
      <system-out><![CDATA[Within baseline tolerance (count=237 &lt;= baseline=237) [HIGH]]]></system-out>
    </testcase>
    <testcase classname="SIN-PATTERN-027-NULL-ARRAY-INDEX_202604080000" name="scripts\windguits\Qik-TERMInet0r\Windguit_Qik-TERMInet0r2_TerminalLayoutManager.ps1:66">
      <system-out><![CDATA[Within baseline tolerance (count=237 &lt;= baseline=237) [HIGH]]]></system-out>
    </testcase>
    <testcase classname="SIN-PATTERN-027-NULL-ARRAY-INDEX_202604080000" name="scripts\windguits\Qik-TERMInet0r\Windguit_Qik-TERMInet0r2-B_TerminalLayoutManager.ps1:62">
      <system-out><![CDATA[Within baseline tolerance (count=237 &lt;= baseline=237) [HIGH]]]></system-out>
    </testcase>
    <testcase classname="SIN-PATTERN-027-NULL-ARRAY-INDEX_202604080000" name="scripts\windguits\Qik-TERMInet0r\Windguit_Qik-TERMInet0r2-B_TerminalLayoutManager.ps1:70">
      <system-out><![CDATA[Within baseline tolerance (count=237 &lt;= baseline=237) [HIGH]]]></system-out>
    </testcase>
    <testcase classname="SIN-PATTERN-027-NULL-ARRAY-INDEX_202604080000" name="tests\Invoke-CoalTest2.ps1:131">
      <system-out><![CDATA[Within baseline tolerance (count=237 &lt;= baseline=237) [HIGH]]]></system-out>
    </testcase>
    <testcase classname="SIN-PATTERN-027-NULL-ARRAY-INDEX_202604080000" name="tests\Invoke-CoalTest2.ps1:253">
      <system-out><![CDATA[Within baseline tolerance (count=237 &lt;= baseline=237) [HIGH]]]></system-out>
    </testcase>
    <testcase classname="SIN-PATTERN-027-NULL-ARRAY-INDEX_202604080000" name="tests\Invoke-CoalTest2.ps1:329">
      <system-out><![CDATA[Within baseline tolerance (count=237 &lt;= baseline=237) [HIGH]]]></system-out>
    </testcase>
    <testcase classname="SIN-PATTERN-027-NULL-ARRAY-INDEX_202604080000" name="tests\Invoke-CoalTest2.ps1:330">
      <system-out><![CDATA[Within baseline tolerance (count=237 &lt;= baseline=237) [HIGH]]]></system-out>
    </testcase>
    <testcase classname="SIN-PATTERN-027-NULL-ARRAY-INDEX_202604080000" name="tests\Invoke-GUISmokeTest.ps1:148">
      <system-out><![CDATA[Within baseline tolerance (count=237 &lt;= baseline=237) [HIGH]]]></system-out>
    </testcase>
    <testcase classname="SIN-PATTERN-027-NULL-ARRAY-INDEX_202604080000" name="tests\Invoke-GUISmokeTest.ps1:1557">
      <system-out><![CDATA[Within baseline tolerance (count=237 &lt;= baseline=237) [HIGH]]]></system-out>
    </testcase>
    <testcase classname="SIN-PATTERN-027-NULL-ARRAY-INDEX_202604080000" name="tests\Invoke-ModuleGalleryValidator.ps1:137">
      <system-out><![CDATA[Within baseline tolerance (count=237 &lt;= baseline=237) [HIGH]]]></system-out>
    </testcase>
    <testcase classname="SIN-PATTERN-027-NULL-ARRAY-INDEX_202604080000" name="tests\Invoke-ModuleGalleryValidator.ps1:163">
      <system-out><![CDATA[Within baseline tolerance (count=237 &lt;= baseline=237) [HIGH]]]></system-out>
    </testcase>
    <testcase classname="SIN-PATTERN-027-NULL-ARRAY-INDEX_202604080000" name="tests\Invoke-PreCommitValidation.ps1:140">
      <system-out><![CDATA[Within baseline tolerance (count=237 &lt;= baseline=237) [HIGH]]]></system-out>
    </testcase>
    <testcase classname="SIN-PATTERN-027-NULL-ARRAY-INDEX_202604080000" name="tests\Invoke-PreCommitValidation.ps1:149">
      <system-out><![CDATA[Within baseline tolerance (count=237 &lt;= baseline=237) [HIGH]]]></system-out>
    </testcase>
    <testcase classname="SIN-PATTERN-027-NULL-ARRAY-INDEX_202604080000" name="tests\Invoke-PreCommitValidation.ps1:150">
      <system-out><![CDATA[Within baseline tolerance (count=237 &lt;= baseline=237) [HIGH]]]></system-out>
    </testcase>
    <testcase classname="SIN-PATTERN-027-NULL-ARRAY-INDEX_202604080000" name="tests\Invoke-PreCommitValidation.ps1:161">
      <system-out><![CDATA[Within baseline tolerance (count=237 &lt;= baseline=237) [HIGH]]]></system-out>
    </testcase>
    <testcase classname="SIN-PATTERN-027-NULL-ARRAY-INDEX_202604080000" name="tests\Invoke-SecurityIntegrityTests.ps1:327">
      <system-out><![CDATA[Within baseline tolerance (count=237 &lt;= baseline=237) [HIGH]]]></system-out>
    </testcase>
    <testcase classname="SIN-PATTERN-027-NULL-ARRAY-INDEX_202604080000" name="tests\Invoke-SecurityIntegrityTests.ps1:343">
      <system-out><![CDATA[Within baseline tolerance (count=237 &lt;= baseline=237) [HIGH]]]></system-out>
    </testcase>
    <testcase classname="SIN-PATTERN-027-NULL-ARRAY-INDEX_202604080000" name="tests\Invoke-SemiSinPenanceScanner.ps1:122">
      <system-out><![CDATA[Within baseline tolerance (count=237 &lt;= baseline=237) [HIGH]]]></system-out>
    </testcase>
    <testcase classname="SIN-PATTERN-027-NULL-ARRAY-INDEX_202604080000" name="tests\Invoke-SemiSinPenanceScanner.ps1:132">
      <system-out><![CDATA[Within baseline tolerance (count=237 &lt;= baseline=237) [HIGH]]]></system-out>
    </testcase>
    <testcase classname="SIN-PATTERN-027-NULL-ARRAY-INDEX_202604080000" name="tests\Invoke-SemiSinPenanceScanner.ps1:153">
      <system-out><![CDATA[Within baseline tolerance (count=237 &lt;= baseline=237) [HIGH]]]></system-out>
    </testcase>
    <testcase classname="SIN-PATTERN-027-NULL-ARRAY-INDEX_202604080000" name="tests\Invoke-SemiSinPenanceScanner.ps1:154">
      <system-out><![CDATA[Within baseline tolerance (count=237 &lt;= baseline=237) [HIGH]]]></system-out>
    </testcase>
    <testcase classname="SIN-PATTERN-027-NULL-ARRAY-INDEX_202604080000" name="tests\Invoke-SemiSinPenanceScanner.ps1:309">
      <system-out><![CDATA[Within baseline tolerance (count=237 &lt;= baseline=237) [HIGH]]]></system-out>
    </testcase>
    <testcase classname="SIN-PATTERN-027-NULL-ARRAY-INDEX_202604080000" name="tests\Invoke-SyntaxGuard.ps1:131">
      <system-out><![CDATA[Within baseline tolerance (count=237 &lt;= baseline=237) [HIGH]]]></system-out>
    </testcase>
    <testcase classname="SIN-PATTERN-027-NULL-ARRAY-INDEX_202604080000" name="tests\Invoke-SyntaxGuard.ps1:154">
      <system-out><![CDATA[Within baseline tolerance (count=237 &lt;= baseline=237) [HIGH]]]></system-out>
    </testcase>
    <testcase classname="SIN-PATTERN-027-NULL-ARRAY-INDEX_202604080000" name="tests\Invoke-SyntaxGuard.ps1:184">
      <system-out><![CDATA[Within baseline tolerance (count=237 &lt;= baseline=237) [HIGH]]]></system-out>
    </testcase>
    <testcase classname="SIN-PATTERN-027-NULL-ARRAY-INDEX_202604080000" name="tests\Invoke-SyntaxGuard.ps1:189">
      <system-out><![CDATA[Within baseline tolerance (count=237 &lt;= baseline=237) [HIGH]]]></system-out>
    </testcase>
    <testcase classname="SIN-PATTERN-027-NULL-ARRAY-INDEX_202604080000" name="tests\Invoke-SyntaxGuard.ps1:216">
      <system-out><![CDATA[Within baseline tolerance (count=237 &lt;= baseline=237) [HIGH]]]></system-out>
    </testcase>
    <testcase classname="SIN-PATTERN-027-NULL-ARRAY-INDEX_202604080000" name="tests\Invoke-SyntaxGuard.ps1:232">
      <system-out><![CDATA[Within baseline tolerance (count=237 &lt;= baseline=237) [HIGH]]]></system-out>
    </testcase>
    <testcase classname="SIN-PATTERN-027-NULL-ARRAY-INDEX_202604080000" name="tests\Invoke-SyntaxGuard.ps1:255">
      <system-out><![CDATA[Within baseline tolerance (count=237 &lt;= baseline=237) [HIGH]]]></system-out>
    </testcase>
    <testcase classname="SIN-PATTERN-027-NULL-ARRAY-INDEX_202604080000" name="tests\iter15-fix-trailing-ws.ps1:10">
      <system-out><![CDATA[Within baseline tolerance (count=237 &lt;= baseline=237) [HIGH]]]></system-out>
    </testcase>
    <testcase classname="SIN-PATTERN-027-NULL-ARRAY-INDEX_202604080000" name="tests\iter16-verify.ps1:17">
      <system-out><![CDATA[Within baseline tolerance (count=237 &lt;= baseline=237) [HIGH]]]></system-out>
    </testcase>
    <testcase classname="SIN-PATTERN-027-NULL-ARRAY-INDEX_202604080000" name="tests\iter23-debug.ps1:3">
      <system-out><![CDATA[Within baseline tolerance (count=237 &lt;= baseline=237) [HIGH]]]></system-out>
    </testcase>
    <testcase classname="SIN-PATTERN-027-NULL-ARRAY-INDEX_202604080000" name="tests\iter23-debug.ps1:4">
      <system-out><![CDATA[Within baseline tolerance (count=237 &lt;= baseline=237) [HIGH]]]></system-out>
    </testcase>
    <testcase classname="SIN-PATTERN-027-NULL-ARRAY-INDEX_202604080000" name="tests\iter23-debug.ps1:7">
      <system-out><![CDATA[Within baseline tolerance (count=237 &lt;= baseline=237) [HIGH]]]></system-out>
    </testcase>
    <testcase classname="SIN-PATTERN-027-NULL-ARRAY-INDEX_202604080000" name="tests\iter23-debug.ps1:8">
      <system-out><![CDATA[Within baseline tolerance (count=237 &lt;= baseline=237) [HIGH]]]></system-out>
    </testcase>
    <testcase classname="SIN-PATTERN-027-NULL-ARRAY-INDEX_202604080000" name="tests\iter23-l132.ps1:7">
      <system-out><![CDATA[Within baseline tolerance (count=237 &lt;= baseline=237) [HIGH]]]></system-out>
    </testcase>
    <testcase classname="SIN-PATTERN-027-NULL-ARRAY-INDEX_202604080000" name="tests\iter23-l171.ps1:7">
      <system-out><![CDATA[Within baseline tolerance (count=237 &lt;= baseline=237) [HIGH]]]></system-out>
    </testcase>
    <testcase classname="SIN-PATTERN-027-NULL-ARRAY-INDEX_202604080000" name="tests\iter23-line446.ps1:3">
      <system-out><![CDATA[Within baseline tolerance (count=237 &lt;= baseline=237) [HIGH]]]></system-out>
    </testcase>
    <testcase classname="SIN-PATTERN-027-NULL-ARRAY-INDEX_202604080000" name="tests\iter23-line446.ps1:8">
      <system-out><![CDATA[Within baseline tolerance (count=237 &lt;= baseline=237) [HIGH]]]></system-out>
    </testcase>
    <testcase classname="SIN-PATTERN-027-NULL-ARRAY-INDEX_202604080000" name="tests\iter23-quotes.ps1:6">
      <system-out><![CDATA[Within baseline tolerance (count=237 &lt;= baseline=237) [HIGH]]]></system-out>
    </testcase>
    <testcase classname="SIN-PATTERN-027-NULL-ARRAY-INDEX_202604080000" name="tests\iter24-patch-manifests.ps1:20">
      <system-out><![CDATA[Within baseline tolerance (count=237 &lt;= baseline=237) [HIGH]]]></system-out>
    </testcase>
    <testcase classname="SIN-PATTERN-027-NULL-ARRAY-INDEX_202604080000" name="tests\iter26-strip-ws.ps1:16">
      <system-out><![CDATA[Within baseline tolerance (count=237 &lt;= baseline=237) [HIGH]]]></system-out>
    </testcase>
    <testcase classname="SIN-PATTERN-027-NULL-ARRAY-INDEX_202604080000" name="tests\iter26b-byte-strip.ps1:8">
      <system-out><![CDATA[Within baseline tolerance (count=237 &lt;= baseline=237) [HIGH]]]></system-out>
    </testcase>
    <testcase classname="SIN-PATTERN-027-NULL-ARRAY-INDEX_202604080000" name="tests\iter32-bulk-empty-catch.ps1:15">
      <system-out><![CDATA[Within baseline tolerance (count=237 &lt;= baseline=237) [HIGH]]]></system-out>
    </testcase>
    <testcase classname="SIN-PATTERN-027-NULL-ARRAY-INDEX_202604080000" name="tests\iter34-add-shouldprocess.ps1:20">
      <system-out><![CDATA[Within baseline tolerance (count=237 &lt;= baseline=237) [HIGH]]]></system-out>
    </testcase>
    <testcase classname="SIN-PATTERN-027-NULL-ARRAY-INDEX_202604080000" name="tests\iter34-add-shouldprocess.ps1:73">
      <system-out><![CDATA[Within baseline tolerance (count=237 &lt;= baseline=237) [HIGH]]]></system-out>
    </testcase>
    <testcase classname="SIN-PATTERN-027-NULL-ARRAY-INDEX_202604080000" name="tests\iter35-add-shouldprocess-call.ps1:17">
      <system-out><![CDATA[Within baseline tolerance (count=237 &lt;= baseline=237) [HIGH]]]></system-out>
    </testcase>
    <testcase classname="SIN-PATTERN-027-NULL-ARRAY-INDEX_202604080000" name="tests\iter36-add-outputtype.ps1:29">
      <system-out><![CDATA[Within baseline tolerance (count=237 &lt;= baseline=237) [HIGH]]]></system-out>
    </testcase>
    <testcase classname="SIN-PATTERN-027-NULL-ARRAY-INDEX_202604080000" name="tests\iter36-add-outputtype.ps1:34">
      <system-out><![CDATA[Within baseline tolerance (count=237 &lt;= baseline=237) [HIGH]]]></system-out>
    </testcase>
    <testcase classname="SIN-PATTERN-027-NULL-ARRAY-INDEX_202604080000" name="tests\iter36-add-outputtype.ps1:70">
      <system-out><![CDATA[Within baseline tolerance (count=237 &lt;= baseline=237) [HIGH]]]></system-out>
    </testcase>
    <testcase classname="SIN-PATTERN-027-NULL-ARRAY-INDEX_202604080000" name="tests\iter37-suppress-singular.ps1:17">
      <system-out><![CDATA[Within baseline tolerance (count=237 &lt;= baseline=237) [HIGH]]]></system-out>
    </testcase>
    <testcase classname="SIN-PATTERN-027-NULL-ARRAY-INDEX_202604080000" name="tests\iter37-suppress-singular.ps1:52">
      <system-out><![CDATA[Within baseline tolerance (count=237 &lt;= baseline=237) [HIGH]]]></system-out>
    </testcase>
    <testcase classname="SIN-PATTERN-027-NULL-ARRAY-INDEX_202604080000" name="tests\iter38-suppress-writehost.ps1:15">
      <system-out><![CDATA[Within baseline tolerance (count=237 &lt;= baseline=237) [HIGH]]]></system-out>
    </testcase>
    <testcase classname="SIN-PATTERN-027-NULL-ARRAY-INDEX_202604080000" name="tests\iter38-suppress-writehost.ps1:50">
      <system-out><![CDATA[Within baseline tolerance (count=237 &lt;= baseline=237) [HIGH]]]></system-out>
    </testcase>
    <testcase classname="SIN-PATTERN-027-NULL-ARRAY-INDEX_202604080000" name="tests\iter39-add-commenthelp.ps1:30">
      <system-out><![CDATA[Within baseline tolerance (count=237 &lt;= baseline=237) [HIGH]]]></system-out>
    </testcase>
    <testcase classname="SIN-PATTERN-027-NULL-ARRAY-INDEX_202604080000" name="tests\iter39-add-commenthelp.ps1:66">
      <system-out><![CDATA[Within baseline tolerance (count=237 &lt;= baseline=237) [HIGH]]]></system-out>
    </testcase>
    <testcase classname="SIN-PATTERN-027-NULL-ARRAY-INDEX_202604080000" name="tests\iter40-add-description.ps1:26">
      <system-out><![CDATA[Within baseline tolerance (count=237 &lt;= baseline=237) [HIGH]]]></system-out>
    </testcase>
    <testcase classname="SIN-PATTERN-027-NULL-ARRAY-INDEX_202604080000" name="tests\iter40-add-description.ps1:91">
      <system-out><![CDATA[Within baseline tolerance (count=237 &lt;= baseline=237) [HIGH]]]></system-out>
    </testcase>
    <testcase classname="SIN-PATTERN-027-NULL-ARRAY-INDEX_202604080000" name="tests\Test-ErrorHandlingCompliance.ps1:150">
      <system-out><![CDATA[Within baseline tolerance (count=237 &lt;= baseline=237) [HIGH]]]></system-out>
    </testcase>
    <testcase classname="SIN-PATTERN-027-NULL-ARRAY-INDEX_202604080000" name="tests\Test-ErrorHandlingCompliance.ps1:167">
      <system-out><![CDATA[Within baseline tolerance (count=237 &lt;= baseline=237) [HIGH]]]></system-out>
    </testcase>
    <testcase classname="SIN-PATTERN-027-NULL-ARRAY-INDEX_202604080000" name="tests\Test-ErrorHandlingCompliance.ps1:237">
      <system-out><![CDATA[Within baseline tolerance (count=237 &lt;= baseline=237) [HIGH]]]></system-out>
    </testcase>
    <testcase classname="SIN-PATTERN-027-NULL-ARRAY-INDEX_202604080000" name="tests\Test-ErrorHandlingCompliance.ps1:247">
      <system-out><![CDATA[Within baseline tolerance (count=237 &lt;= baseline=237) [HIGH]]]></system-out>
    </testcase>
    <testcase classname="SIN-PATTERN-027-NULL-ARRAY-INDEX_202604080000" name="tests\sandbox\Export-SandboxTestArchive.ps1:118">
      <system-out><![CDATA[Within baseline tolerance (count=237 &lt;= baseline=237) [HIGH]]]></system-out>
    </testcase>
    <testcase classname="SIN-PATTERN-027-NULL-ARRAY-INDEX_202604080000" name="tests\sandbox\Export-SandboxTestArchive.ps1:157">
      <system-out><![CDATA[Within baseline tolerance (count=237 &lt;= baseline=237) [HIGH]]]></system-out>
    </testcase>
    <testcase classname="SIN-PATTERN-027-NULL-ARRAY-INDEX_202604080000" name="agents\PipelineSteering\core\PipelineSteering.psm1:28">
      <system-out><![CDATA[Within baseline tolerance (count=237 &lt;= baseline=237) [HIGH]]]></system-out>
    </testcase>
    <testcase classname="SIN-PATTERN-027-NULL-ARRAY-INDEX_202604080000" name="agents\PipelineSteering\core\PipelineSteering.psm1:404">
      <system-out><![CDATA[Within baseline tolerance (count=237 &lt;= baseline=237) [HIGH]]]></system-out>
    </testcase>
    <testcase classname="SIN-PATTERN-027-NULL-ARRAY-INDEX_202604080000" name="modules\AssistedSASC.psm1:437">
      <system-out><![CDATA[Within baseline tolerance (count=237 &lt;= baseline=237) [HIGH]]]></system-out>
    </testcase>
    <testcase classname="SIN-PATTERN-027-NULL-ARRAY-INDEX_202604080000" name="modules\AVPN-Tracker.psm1:398">
      <system-out><![CDATA[Within baseline tolerance (count=237 &lt;= baseline=237) [HIGH]]]></system-out>
    </testcase>
    <testcase classname="SIN-PATTERN-027-NULL-ARRAY-INDEX_202604080000" name="modules\AVPN-Tracker.psm1:407">
      <system-out><![CDATA[Within baseline tolerance (count=237 &lt;= baseline=237) [HIGH]]]></system-out>
    </testcase>
    <testcase classname="SIN-PATTERN-027-NULL-ARRAY-INDEX_202604080000" name="modules\AVPN-Tracker.psm1:415">
      <system-out><![CDATA[Within baseline tolerance (count=237 &lt;= baseline=237) [HIGH]]]></system-out>
    </testcase>
    <testcase classname="SIN-PATTERN-027-NULL-ARRAY-INDEX_202604080000" name="modules\AVPN-Tracker.psm1:1005">
      <system-out><![CDATA[Within baseline tolerance (count=237 &lt;= baseline=237) [HIGH]]]></system-out>
    </testcase>
    <testcase classname="SIN-PATTERN-027-NULL-ARRAY-INDEX_202604080000" name="modules\CronAiAthon-Pipeline.psm1:470">
      <system-out><![CDATA[Within baseline tolerance (count=237 &lt;= baseline=237) [HIGH]]]></system-out>
    </testcase>
    <testcase classname="SIN-PATTERN-027-NULL-ARRAY-INDEX_202604080000" name="modules\CronAiAthon-Pipeline.psm1:526">
      <system-out><![CDATA[Within baseline tolerance (count=237 &lt;= baseline=237) [HIGH]]]></system-out>
    </testcase>
    <testcase classname="SIN-PATTERN-027-NULL-ARRAY-INDEX_202604080000" name="modules\CronAiAthon-Pipeline.psm1:527">
      <system-out><![CDATA[Within baseline tolerance (count=237 &lt;= baseline=237) [HIGH]]]></system-out>
    </testcase>
    <testcase classname="SIN-PATTERN-027-NULL-ARRAY-INDEX_202604080000" name="modules\CronAiAthon-Pipeline.psm1:528">
      <system-out><![CDATA[Within baseline tolerance (count=237 &lt;= baseline=237) [HIGH]]]></system-out>
    </testcase>
[...]
      <system-out><![CDATA[Within baseline tolerance (count=435 &lt;= baseline=435) [CRITICAL]]]></system-out>
    </testcase>
    <testcase classname="SIN-PATTERN-029-UNPROTECTED-EVENT-HANDLER_202604150000" name="modules\AVPN-Tracker.psm1:1949">
      <system-out><![CDATA[Within baseline tolerance (count=435 &lt;= baseline=435) [CRITICAL]]]></system-out>
    </testcase>
    <testcase classname="SIN-PATTERN-029-UNPROTECTED-EVENT-HANDLER_202604150000" name="modules\AVPN-Tracker.psm1:1994">
      <system-out><![CDATA[Within baseline tolerance (count=435 &lt;= baseline=435) [CRITICAL]]]></system-out>
    </testcase>
    <testcase classname="SIN-PATTERN-029-UNPROTECTED-EVENT-HANDLER_202604150000" name="modules\AVPN-Tracker.psm1:2004">
      <system-out><![CDATA[Within baseline tolerance (count=435 &lt;= baseline=435) [CRITICAL]]]></system-out>
    </testcase>
    <testcase classname="SIN-PATTERN-029-UNPROTECTED-EVENT-HANDLER_202604150000" name="modules\PwSh-HelpFilesUpdateSource-ReR.psm1:261">
      <system-out><![CDATA[Within baseline tolerance (count=435 &lt;= baseline=435) [CRITICAL]]]></system-out>
    </testcase>
    <testcase classname="SIN-PATTERN-029-UNPROTECTED-EVENT-HANDLER_202604150000" name="modules\PwSh-HelpFilesUpdateSource-ReR.psm1:333">
      <system-out><![CDATA[Within baseline tolerance (count=435 &lt;= baseline=435) [CRITICAL]]]></system-out>
    </testcase>
    <testcase classname="SIN-PATTERN-029-UNPROTECTED-EVENT-HANDLER_202604150000" name="modules\PwSh-HelpFilesUpdateSource-ReR.psm1:365">
      <system-out><![CDATA[Within baseline tolerance (count=435 &lt;= baseline=435) [CRITICAL]]]></system-out>
    </testcase>
    <testcase classname="SIN-PATTERN-029-UNPROTECTED-EVENT-HANDLER_202604150000" name="modules\PwSh-HelpFilesUpdateSource-ReR.psm1:395">
      <system-out><![CDATA[Within baseline tolerance (count=435 &lt;= baseline=435) [CRITICAL]]]></system-out>
    </testcase>
    <testcase classname="SIN-PATTERN-029-UNPROTECTED-EVENT-HANDLER_202604150000" name="modules\PwShGUI-Theme.psm1:407">
      <system-out><![CDATA[Within baseline tolerance (count=435 &lt;= baseline=435) [CRITICAL]]]></system-out>
    </testcase>
    <testcase classname="SIN-PATTERN-029-UNPROTECTED-EVENT-HANDLER_202604150000" name="modules\PwShGUI-TrayHost.psm1:215">
      <system-out><![CDATA[Within baseline tolerance (count=435 &lt;= baseline=435) [CRITICAL]]]></system-out>
    </testcase>
    <testcase classname="SIN-PATTERN-029-UNPROTECTED-EVENT-HANDLER_202604150000" name="modules\PwShGUICore.psm1:522">
      <system-out><![CDATA[Within baseline tolerance (count=435 &lt;= baseline=435) [CRITICAL]]]></system-out>
    </testcase>
    <testcase classname="SIN-PATTERN-029-UNPROTECTED-EVENT-HANDLER_202604150000" name="modules\PwShGUICore.psm1:533">
      <system-out><![CDATA[Within baseline tolerance (count=435 &lt;= baseline=435) [CRITICAL]]]></system-out>
    </testcase>
    <testcase classname="SIN-PATTERN-029-UNPROTECTED-EVENT-HANDLER_202604150000" name="reports\iter17\HEAD-helpfiles.psm1:261">
      <system-out><![CDATA[Within baseline tolerance (count=435 &lt;= baseline=435) [CRITICAL]]]></system-out>
    </testcase>
    <testcase classname="SIN-PATTERN-029-UNPROTECTED-EVENT-HANDLER_202604150000" name="reports\iter17\HEAD-helpfiles.psm1:333">
      <system-out><![CDATA[Within baseline tolerance (count=435 &lt;= baseline=435) [CRITICAL]]]></system-out>
    </testcase>
    <testcase classname="SIN-PATTERN-029-UNPROTECTED-EVENT-HANDLER_202604150000" name="reports\iter17\HEAD-helpfiles.psm1:365">
      <system-out><![CDATA[Within baseline tolerance (count=435 &lt;= baseline=435) [CRITICAL]]]></system-out>
    </testcase>
    <testcase classname="SIN-PATTERN-029-UNPROTECTED-EVENT-HANDLER_202604150000" name="reports\iter17\HEAD-helpfiles.psm1:395">
      <system-out><![CDATA[Within baseline tolerance (count=435 &lt;= baseline=435) [CRITICAL]]]></system-out>
    </testcase>
  </testsuite>
  <testsuite name="SIN-PATTERN-042-UNDECLARED-PARAMETER-PASSED_20260503" tests="3" failures="0">
    <testcase classname="SIN-PATTERN-042-UNDECLARED-PARAMETER-PASSED_20260503" name="Main-GUI.ps1:8897">
      <system-out><![CDATA[Within baseline tolerance (count=3 &lt;= baseline=3) [HIGH]]]></system-out>
    </testcase>
    <testcase classname="SIN-PATTERN-042-UNDECLARED-PARAMETER-PASSED_20260503" name="Main-GUI.ps1:8903">
      <system-out><![CDATA[Within baseline tolerance (count=3 &lt;= baseline=3) [HIGH]]]></system-out>
    </testcase>
    <testcase classname="SIN-PATTERN-042-UNDECLARED-PARAMETER-PASSED_20260503" name="scripts\Invoke-PSEnvironmentScanner.ps1:1868">
      <system-out><![CDATA[Within baseline tolerance (count=3 &lt;= baseline=3) [HIGH]]]></system-out>
    </testcase>
  </testsuite>
  <testsuite name="SIN-PATTERN-044-MODULE-EXPORT-UNTESTED_20260504" tests="60" failures="0">
    <testcase classname="SIN-PATTERN-044-MODULE-EXPORT-UNTESTED_20260504" name="agents\H-Ai-Nikr-Agi\core\H-Ai-Nikr-Agi.psm1:501">
      <system-out><![CDATA[Within baseline tolerance (count=60 &lt;= baseline=60) [MEDIUM]]]></system-out>
    </testcase>
    <testcase classname="SIN-PATTERN-044-MODULE-EXPORT-UNTESTED_20260504" name="agents\koe-RumA\core\koe-RumA.psm1:358">
      <system-out><![CDATA[Within baseline tolerance (count=60 &lt;= baseline=60) [MEDIUM]]]></system-out>
    </testcase>
    <testcase classname="SIN-PATTERN-044-MODULE-EXPORT-UNTESTED_20260504" name="agents\PipelineSteering\core\PipelineSteering.psm1:935">
      <system-out><![CDATA[Within baseline tolerance (count=60 &lt;= baseline=60) [MEDIUM]]]></system-out>
    </testcase>
    <testcase classname="SIN-PATTERN-044-MODULE-EXPORT-UNTESTED_20260504" name="modules\_TEMPLATE-Module.psm1:106">
      <system-out><![CDATA[Within baseline tolerance (count=60 &lt;= baseline=60) [MEDIUM]]]></system-out>
    </testcase>
    <testcase classname="SIN-PATTERN-044-MODULE-EXPORT-UNTESTED_20260504" name="modules\AssistedSASC.psm1:2579">
      <system-out><![CDATA[Within baseline tolerance (count=60 &lt;= baseline=60) [MEDIUM]]]></system-out>
    </testcase>
    <testcase classname="SIN-PATTERN-044-MODULE-EXPORT-UNTESTED_20260504" name="modules\AVPN-Tracker.psm1:2070">
      <system-out><![CDATA[Within baseline tolerance (count=60 &lt;= baseline=60) [MEDIUM]]]></system-out>
    </testcase>
    <testcase classname="SIN-PATTERN-044-MODULE-EXPORT-UNTESTED_20260504" name="modules\CronAiAthon-BugTracker.psm1:478">
      <system-out><![CDATA[Within baseline tolerance (count=60 &lt;= baseline=60) [MEDIUM]]]></system-out>
    </testcase>
    <testcase classname="SIN-PATTERN-044-MODULE-EXPORT-UNTESTED_20260504" name="modules\CronAiAthon-ErrorLinker.psm1:301">
      <system-out><![CDATA[Within baseline tolerance (count=60 &lt;= baseline=60) [MEDIUM]]]></system-out>
    </testcase>
    <testcase classname="SIN-PATTERN-044-MODULE-EXPORT-UNTESTED_20260504" name="modules\CronAiAthon-EventLog.psm1:501">
      <system-out><![CDATA[Within baseline tolerance (count=60 &lt;= baseline=60) [MEDIUM]]]></system-out>
    </testcase>
    <testcase classname="SIN-PATTERN-044-MODULE-EXPORT-UNTESTED_20260504" name="modules\CronAiAthon-Pipeline.psm1:1813">
      <system-out><![CDATA[Within baseline tolerance (count=60 &lt;= baseline=60) [MEDIUM]]]></system-out>
    </testcase>
    <testcase classname="SIN-PATTERN-044-MODULE-EXPORT-UNTESTED_20260504" name="modules\CronAiAthon-Scheduler.psm1:1507">
      <system-out><![CDATA[Within baseline tolerance (count=60 &lt;= baseline=60) [MEDIUM]]]></system-out>
    </testcase>
    <testcase classname="SIN-PATTERN-044-MODULE-EXPORT-UNTESTED_20260504" name="modules\Get-LaunchTelemetry.psm1:219">
      <system-out><![CDATA[Within baseline tolerance (count=60 &lt;= baseline=60) [MEDIUM]]]></system-out>
    </testcase>
    <testcase classname="SIN-PATTERN-044-MODULE-EXPORT-UNTESTED_20260504" name="modules\Import-WorkspaceModule.psm1:51">
      <system-out><![CDATA[Within baseline tolerance (count=60 &lt;= baseline=60) [MEDIUM]]]></system-out>
    </testcase>
    <testcase classname="SIN-PATTERN-044-MODULE-EXPORT-UNTESTED_20260504" name="modules\PKIChainManager.psm1:386">
      <system-out><![CDATA[Within baseline tolerance (count=60 &lt;= baseline=60) [MEDIUM]]]></system-out>
    </testcase>
    <testcase classname="SIN-PATTERN-044-MODULE-EXPORT-UNTESTED_20260504" name="modules\PwSh-HelpFilesUpdateSource-ReR.psm1:472">
      <system-out><![CDATA[Within baseline tolerance (count=60 &lt;= baseline=60) [MEDIUM]]]></system-out>
    </testcase>
    <testcase classname="SIN-PATTERN-044-MODULE-EXPORT-UNTESTED_20260504" name="modules\PwShGUI_AutoIssueFinder.psm1:511">
      <system-out><![CDATA[Within baseline tolerance (count=60 &lt;= baseline=60) [MEDIUM]]]></system-out>
    </testcase>
    <testcase classname="SIN-PATTERN-044-MODULE-EXPORT-UNTESTED_20260504" name="modules\PwShGUI-AgentScorecard.psm1:57">
      <system-out><![CDATA[Within baseline tolerance (count=60 &lt;= baseline=60) [MEDIUM]]]></system-out>
    </testcase>
    <testcase classname="SIN-PATTERN-044-MODULE-EXPORT-UNTESTED_20260504" name="modules\PwShGUI-AutoRemediate.psm1:133">
      <system-out><![CDATA[Within baseline tolerance (count=60 &lt;= baseline=60) [MEDIUM]]]></system-out>
    </testcase>
    <testcase classname="SIN-PATTERN-044-MODULE-EXPORT-UNTESTED_20260504" name="modules\PwShGUI-BreakingChange.psm1:119">
      <system-out><![CDATA[Within baseline tolerance (count=60 &lt;= baseline=60) [MEDIUM]]]></system-out>
    </testcase>
    <testcase classname="SIN-PATTERN-044-MODULE-EXPORT-UNTESTED_20260504" name="modules\PwShGUI-CheckpointPrune.psm1:57">
      <system-out><![CDATA[Within baseline tolerance (count=60 &lt;= baseline=60) [MEDIUM]]]></system-out>
    </testcase>
    <testcase classname="SIN-PATTERN-044-MODULE-EXPORT-UNTESTED_20260504" name="modules\PwShGUI-ConvoVault.psm1:436">
      <system-out><![CDATA[Within baseline tolerance (count=60 &lt;= baseline=60) [MEDIUM]]]></system-out>
    </testcase>
    <testcase classname="SIN-PATTERN-044-MODULE-EXPORT-UNTESTED_20260504" name="modules\PwShGUI-CoverageReport.psm1:135">
      <system-out><![CDATA[Within baseline tolerance (count=60 &lt;= baseline=60) [MEDIUM]]]></system-out>
    </testcase>
    <testcase classname="SIN-PATTERN-044-MODULE-EXPORT-UNTESTED_20260504" name="modules\PwShGUI-DependencyMap.psm1:129">
      <system-out><![CDATA[Within baseline tolerance (count=60 &lt;= baseline=60) [MEDIUM]]]></system-out>
    </testcase>
    <testcase classname="SIN-PATTERN-044-MODULE-EXPORT-UNTESTED_20260504" name="modules\PwShGUI-EventLogAdapter.psm1:211">
      <system-out><![CDATA[Within baseline tolerance (count=60 &lt;= baseline=60) [MEDIUM]]]></system-out>
    </testcase>
    <testcase classname="SIN-PATTERN-044-MODULE-EXPORT-UNTESTED_20260504" name="modules\PwShGUI-EventLogReplay.psm1:47">
      <system-out><![CDATA[Within baseline tolerance (count=60 &lt;= baseline=60) [MEDIUM]]]></system-out>
    </testcase>
    <testcase classname="SIN-PATTERN-044-MODULE-EXPORT-UNTESTED_20260504" name="modules\PwShGUI-HistoryZip.psm1:91">
      <system-out><![CDATA[Within baseline tolerance (count=60 &lt;= baseline=60) [MEDIUM]]]></system-out>
    </testcase>
    <testcase classname="SIN-PATTERN-044-MODULE-EXPORT-UNTESTED_20260504" name="modules\PwShGUI-IntegrityCore.psm1:394">
      <system-out><![CDATA[Within baseline tolerance (count=60 &lt;= baseline=60) [MEDIUM]]]></system-out>
    </testcase>
    <testcase classname="SIN-PATTERN-044-MODULE-EXPORT-UNTESTED_20260504" name="modules\PwShGUI-KillSwitch.psm1:351">
      <system-out><![CDATA[Within baseline tolerance (count=60 &lt;= baseline=60) [MEDIUM]]]></system-out>
    </testcase>
    <testcase classname="SIN-PATTERN-044-MODULE-EXPORT-UNTESTED_20260504" name="modules\PwShGUI-LaunchTimingProfile.psm1:57">
      <system-out><![CDATA[Within baseline tolerance (count=60 &lt;= baseline=60) [MEDIUM]]]></system-out>
    </testcase>
    <testcase classname="SIN-PATTERN-044-MODULE-EXPORT-UNTESTED_20260504" name="modules\PwShGUI-LegacyEncoding.psm1:84">
      <system-out><![CDATA[Within baseline tolerance (count=60 &lt;= baseline=60) [MEDIUM]]]></system-out>
    </testcase>
    <testcase classname="SIN-PATTERN-044-MODULE-EXPORT-UNTESTED_20260504" name="modules\PwShGUI-ManifestDiff.psm1:72">
      <system-out><![CDATA[Within baseline tolerance (count=60 &lt;= baseline=60) [MEDIUM]]]></system-out>
    </testcase>
    <testcase classname="SIN-PATTERN-044-MODULE-EXPORT-UNTESTED_20260504" name="modules\PwShGUI-NetworkTools.psm1:191">
      <system-out><![CDATA[Within baseline tolerance (count=60 &lt;= baseline=60) [MEDIUM]]]></system-out>
    </testcase>
    <testcase classname="SIN-PATTERN-044-MODULE-EXPORT-UNTESTED_20260504" name="modules\PwShGUI-PesterParallel.psm1:71">
      <system-out><![CDATA[Within baseline tolerance (count=60 &lt;= baseline=60) [MEDIUM]]]></system-out>
    </testcase>
    <testcase classname="SIN-PATTERN-044-MODULE-EXPORT-UNTESTED_20260504" name="modules\PwShGUI-PSScriptAnalyzerScan.psm1:80">
      <system-out><![CDATA[Within baseline tolerance (count=60 &lt;= baseline=60) [MEDIUM]]]></system-out>
    </testcase>
    <testcase classname="SIN-PATTERN-044-MODULE-EXPORT-UNTESTED_20260504" name="modules\PwShGUI-PSVersionStandards.psm1:365">
      <system-out><![CDATA[Within baseline tolerance (count=60 &lt;= baseline=60) [MEDIUM]]]></system-out>
    </testcase>
    <testcase classname="SIN-PATTERN-044-MODULE-EXPORT-UNTESTED_20260504" name="modules\PwShGUI-SchemaTranslator.psm1:363">
      <system-out><![CDATA[Within baseline tolerance (count=60 &lt;= baseline=60) [MEDIUM]]]></system-out>
    </testcase>
    <testcase classname="SIN-PATTERN-044-MODULE-EXPORT-UNTESTED_20260504" name="modules\PwShGUI-SecretScan.psm1:68">
      <system-out><![CDATA[Within baseline tolerance (count=60 &lt;= baseline=60) [MEDIUM]]]></system-out>
    </testcase>
    <testcase classname="SIN-PATTERN-044-MODULE-EXPORT-UNTESTED_20260504" name="modules\PwShGUI-SinDriftScan.psm1:98">
      <system-out><![CDATA[Within baseline tolerance (count=60 &lt;= baseline=60) [MEDIUM]]]></system-out>
    </testcase>
    <testcase classname="SIN-PATTERN-044-MODULE-EXPORT-UNTESTED_20260504" name="modules\PwShGUI-SinFixBranch.psm1:51">
      <system-out><![CDATA[Within baseline tolerance (count=60 &lt;= baseline=60) [MEDIUM]]]></system-out>
    </testcase>
    <testcase classname="SIN-PATTERN-044-MODULE-EXPORT-UNTESTED_20260504" name="modules\PwShGUI-SinFromScan.psm1:104">
      <system-out><![CDATA[Within baseline tolerance (count=60 &lt;= baseline=60) [MEDIUM]]]></system-out>
    </testcase>
    <testcase classname="SIN-PATTERN-044-MODULE-EXPORT-UNTESTED_20260504" name="modules\PwShGUI-SinHeatmap.psm1:62">
      <system-out><![CDATA[Within baseline tolerance (count=60 &lt;= baseline=60) [MEDIUM]]]></system-out>
    </testcase>
    <testcase classname="SIN-PATTERN-044-MODULE-EXPORT-UNTESTED_20260504" name="modules\PwShGUI-Theme.psm1:570">
      <system-out><![CDATA[Within baseline tolerance (count=60 &lt;= baseline=60) [MEDIUM]]]></system-out>
    </testcase>
    <testcase classname="SIN-PATTERN-044-MODULE-EXPORT-UNTESTED_20260504" name="modules\PwShGUI-TrayHost.psm1:454">
      <system-out><![CDATA[Within baseline tolerance (count=60 &lt;= baseline=60) [MEDIUM]]]></system-out>
    </testcase>
    <testcase classname="SIN-PATTERN-044-MODULE-EXPORT-UNTESTED_20260504" name="modules\PwShGUI-VersionManager.psm1:586">
      <system-out><![CDATA[Within baseline tolerance (count=60 &lt;= baseline=60) [MEDIUM]]]></system-out>
    </testcase>
    <testcase classname="SIN-PATTERN-044-MODULE-EXPORT-UNTESTED_20260504" name="modules\PwShGUI-VersionTag.psm1:53">
      <system-out><![CDATA[Within baseline tolerance (count=60 &lt;= baseline=60) [MEDIUM]]]></system-out>
    </testcase>
    <testcase classname="SIN-PATTERN-044-MODULE-EXPORT-UNTESTED_20260504" name="modules\PwShGUI-XhtmlReportTester.psm1:63">
      <system-out><![CDATA[Within baseline tolerance (count=60 &lt;= baseline=60) [MEDIUM]]]></system-out>
    </testcase>
    <testcase classname="SIN-PATTERN-044-MODULE-EXPORT-UNTESTED_20260504" name="modules\PwShGUICore.psm1:1069">
      <system-out><![CDATA[Within baseline tolerance (count=60 &lt;= baseline=60) [MEDIUM]]]></system-out>
    </testcase>
    <testcase classname="SIN-PATTERN-044-MODULE-EXPORT-UNTESTED_20260504" name="modules\RE-memorAiZ.psm1:838">
      <system-out><![CDATA[Within baseline tolerance (count=60 &lt;= baseline=60) [MEDIUM]]]></system-out>
    </testcase>
    <testcase classname="SIN-PATTERN-044-MODULE-EXPORT-UNTESTED_20260504" name="modules\SASC-Adapters.psm1:600">
      <system-out><![CDATA[Within baseline tolerance (count=60 &lt;= baseline=60) [MEDIUM]]]></system-out>
    </testcase>
    <testcase classname="SIN-PATTERN-044-MODULE-EXPORT-UNTESTED_20260504" name="modules\SINGovernance.psm1:331">
      <system-out><![CDATA[Within baseline tolerance (count=60 &lt;= baseline=60) [MEDIUM]]]></system-out>
    </testcase>
    <testcase classname="SIN-PATTERN-044-MODULE-EXPORT-UNTESTED_20260504" name="modules\UserProfileManager.psm1:1874">
      <system-out><![CDATA[Within baseline tolerance (count=60 &lt;= baseline=60) [MEDIUM]]]></system-out>
    </testcase>
    <testcase classname="SIN-PATTERN-044-MODULE-EXPORT-UNTESTED_20260504" name="modules\WorkspaceIntentReview.psm1:470">
      <system-out><![CDATA[Within baseline tolerance (count=60 &lt;= baseline=60) [MEDIUM]]]></system-out>
    </testcase>
    <testcase classname="SIN-PATTERN-044-MODULE-EXPORT-UNTESTED_20260504" name="sovereign-kernel\core\AgentRegistry.psm1:458">
      <system-out><![CDATA[Within baseline tolerance (count=60 &lt;= baseline=60) [MEDIUM]]]></system-out>
    </testcase>
    <testcase classname="SIN-PATTERN-044-MODULE-EXPORT-UNTESTED_20260504" name="sovereign-kernel\core\CallProxy.psm1:331">
      <system-out><![CDATA[Within baseline tolerance (count=60 &lt;= baseline=60) [MEDIUM]]]></system-out>
    </testcase>
    <testcase classname="SIN-PATTERN-044-MODULE-EXPORT-UNTESTED_20260504" name="sovereign-kernel\core\CryptoEngine.psm1:533">
      <system-out><![CDATA[Within baseline tolerance (count=60 &lt;= baseline=60) [MEDIUM]]]></system-out>
    </testcase>
    <testcase classname="SIN-PATTERN-044-MODULE-EXPORT-UNTESTED_20260504" name="sovereign-kernel\core\CycleManager.psm1:407">
      <system-out><![CDATA[Within baseline tolerance (count=60 &lt;= baseline=60) [MEDIUM]]]></system-out>
    </testcase>
    <testcase classname="SIN-PATTERN-044-MODULE-EXPORT-UNTESTED_20260504" name="sovereign-kernel\core\LedgerWriter.psm1:358">
      <system-out><![CDATA[Within baseline tolerance (count=60 &lt;= baseline=60) [MEDIUM]]]></system-out>
    </testcase>
    <testcase classname="SIN-PATTERN-044-MODULE-EXPORT-UNTESTED_20260504" name="sovereign-kernel\core\SelfHealer.psm1:415">
      <system-out><![CDATA[Within baseline tolerance (count=60 &lt;= baseline=60) [MEDIUM]]]></system-out>
    </testcase>
    <testcase classname="SIN-PATTERN-044-MODULE-EXPORT-UNTESTED_20260504" name="sovereign-kernel\core\SovereignPolicy.psm1:322">
      <system-out><![CDATA[Within baseline tolerance (count=60 &lt;= baseline=60) [MEDIUM]]]></system-out>
    </testcase>
    <testcase classname="SIN-PATTERN-044-MODULE-EXPORT-UNTESTED_20260504" name="sovereign-kernel\core\WatchdogSupervisor.psm1:470">
      <system-out><![CDATA[Within baseline tolerance (count=60 &lt;= baseline=60) [MEDIUM]]]></system-out>
    </testcase>
  </testsuite>
  <testsuite name="RatchetSummary" tests="3" failures="0">
    <testcase classname="RatchetSummary" name="ratchetMode=Permissive"><system-out>Permissive</system-out></testcase>
    <testcase classname="RatchetSummary" name="improvements=0"><system-out>0</system-out></testcase>
    <testcase classname="RatchetSummary" name="regressions"><system-out>none</system-out></testcase>
  </testsuite>
</testsuites>

